<?xml version="1.0" encoding="UTF-8"?>
<testng-results skipped="66" failed="3" total="77" passed="8">
  <reporter-output>
  </reporter-output>
  <suite name="仓库平台" duration-ms="417561" started-at="2018-07-23T07:23:54Z" finished-at="2018-07-23T07:30:51Z">
    <groups>
    </groups>
    <test name="chrome" duration-ms="417561" started-at="2018-07-23T07:23:54Z" finished-at="2018-07-23T07:30:51Z">
      <class name="com.DWP.多租户管理.资源配额管理.Yarn资源配额管理.script.Yarn">
        <test-method status="PASS" signature="startchromedriver()[pri:0, instance:com.DWP.多租户管理.资源配额管理.Yarn资源配额管理.script.Yarn@5bf0d49]" name="startchromedriver" is-config="true" duration-ms="2969" started-at="2018-07-23T15:28:10Z" finished-at="2018-07-23T15:28:13Z">
          <reporter-output>
          </reporter-output>
        </test-method> <!-- startchromedriver -->
        <test-method status="PASS" signature="login()[pri:0, instance:com.DWP.多租户管理.资源配额管理.Yarn资源配额管理.script.Yarn@5bf0d49]" name="login" is-config="true" duration-ms="4299" started-at="2018-07-23T15:28:13Z" finished-at="2018-07-23T15:28:17Z">
          <reporter-output>
          </reporter-output>
        </test-method> <!-- login -->
        <test-method status="SKIP" signature="add(java.lang.String)[pri:0, instance:com.DWP.多租户管理.资源配额管理.Yarn资源配额管理.script.Yarn@5bf0d49]" name="add" duration-ms="0" started-at="2018-07-23T15:28:17Z" description="场景1：新增yarn队列" data-provider="adddata" finished-at="2018-07-23T15:28:17Z">
          <exception class="java.lang.RuntimeException">
            <message>
              <![CDATA[java.io.FileNotFoundException: D:\software\intellij idea\IdeaProjects\DWP_Season3\src\com\DWP\多租户管理\资源配额管理\Yarn资源配额管理\data\add.xls (设备未就绪。)]]>
            </message>
            <full-stacktrace>
              <![CDATA[java.lang.RuntimeException: java.io.FileNotFoundException: D:\software\intellij idea\IdeaProjects\DWP_Season3\src\com\DWP\多租户管理\资源配额管理\Yarn资源配额管理\data\add.xls (设备未就绪。)
	at org.testng.internal.MethodInvocationHelper.invokeDataProvider(MethodInvocationHelper.java:162)
	at org.testng.internal.Parameters.handleParameters(Parameters.java:430)
	at org.testng.internal.Invoker.handleParameters(Invoker.java:1270)
	at org.testng.internal.Invoker.createParameters(Invoker.java:985)
	at org.testng.internal.Invoker.invokeTestMethods(Invoker.java:1075)
	at org.testng.internal.TestMethodWorker.invokeTestMethods(TestMethodWorker.java:125)
	at org.testng.internal.TestMethodWorker.run(TestMethodWorker.java:108)
	at org.testng.TestRunner.privateRun(TestRunner.java:774)
	at org.testng.TestRunner.run(TestRunner.java:624)
	at org.testng.SuiteRunner.runTest(SuiteRunner.java:359)
	at org.testng.SuiteRunner.runSequentially(SuiteRunner.java:354)
	at org.testng.SuiteRunner.privateRun(SuiteRunner.java:312)
	at org.testng.SuiteRunner.run(SuiteRunner.java:261)
	at org.testng.SuiteRunnerWorker.runSuite(SuiteRunnerWorker.java:52)
	at org.testng.SuiteRunnerWorker.run(SuiteRunnerWorker.java:86)
	at org.testng.TestNG.runSuitesSequentially(TestNG.java:1215)
	at org.testng.TestNG.runSuitesLocally(TestNG.java:1140)
	at org.testng.TestNG.run(TestNG.java:1048)
	at com.DWP.runalltest.AllTestRun.main(AllTestRun.java:40)
Caused by: java.io.FileNotFoundException: D:\software\intellij idea\IdeaProjects\DWP_Season3\src\com\DWP\多租户管理\资源配额管理\Yarn资源配额管理\data\add.xls (设备未就绪。)
	at java.io.FileInputStream.open0(Native Method)
	at java.io.FileInputStream.open(Unknown Source)
	at java.io.FileInputStream.<init>(Unknown Source)
	at com.publicfunction.publicFunction.ReadData(publicFunction.java:396)
	at com.DWP.多租户管理.资源配额管理.Yarn资源配额管理.script.Yarn.adddata(Yarn.java:38)
	at sun.reflect.NativeMethodAccessorImpl.invoke0(Native Method)
	at sun.reflect.NativeMethodAccessorImpl.invoke(Unknown Source)
	at sun.reflect.DelegatingMethodAccessorImpl.invoke(Unknown Source)
	at java.lang.reflect.Method.invoke(Unknown Source)
	at org.testng.internal.MethodInvocationHelper.invokeMethod(MethodInvocationHelper.java:85)
	at org.testng.internal.MethodInvocationHelper.invokeDataProvider(MethodInvocationHelper.java:136)
	... 18 more
]]>
            </full-stacktrace>
          </exception> <!-- java.lang.RuntimeException -->
          <reporter-output>
          </reporter-output>
        </test-method> <!-- add -->
        <test-method status="SKIP" signature="delete(java.lang.String)[pri:1, instance:com.DWP.多租户管理.资源配额管理.Yarn资源配额管理.script.Yarn@5bf0d49]" name="delete" duration-ms="0" started-at="2018-07-23T15:28:17Z" description="场景2：删除yarn队列" data-provider="deletedata" finished-at="2018-07-23T15:28:17Z">
          <exception class="java.lang.RuntimeException">
            <message>
              <![CDATA[java.io.FileNotFoundException: D:\software\intellij idea\IdeaProjects\DWP_Season3\src\com\DWP\多租户管理\资源配额管理\Yarn资源配额管理\data\delete.xls (设备未就绪。)]]>
            </message>
            <full-stacktrace>
              <![CDATA[java.lang.RuntimeException: java.io.FileNotFoundException: D:\software\intellij idea\IdeaProjects\DWP_Season3\src\com\DWP\多租户管理\资源配额管理\Yarn资源配额管理\data\delete.xls (设备未就绪。)
	at org.testng.internal.MethodInvocationHelper.invokeDataProvider(MethodInvocationHelper.java:162)
	at org.testng.internal.Parameters.handleParameters(Parameters.java:430)
	at org.testng.internal.Invoker.handleParameters(Invoker.java:1270)
	at org.testng.internal.Invoker.createParameters(Invoker.java:985)
	at org.testng.internal.Invoker.invokeTestMethods(Invoker.java:1075)
	at org.testng.internal.TestMethodWorker.invokeTestMethods(TestMethodWorker.java:125)
	at org.testng.internal.TestMethodWorker.run(TestMethodWorker.java:108)
	at org.testng.TestRunner.privateRun(TestRunner.java:774)
	at org.testng.TestRunner.run(TestRunner.java:624)
	at org.testng.SuiteRunner.runTest(SuiteRunner.java:359)
	at org.testng.SuiteRunner.runSequentially(SuiteRunner.java:354)
	at org.testng.SuiteRunner.privateRun(SuiteRunner.java:312)
	at org.testng.SuiteRunner.run(SuiteRunner.java:261)
	at org.testng.SuiteRunnerWorker.runSuite(SuiteRunnerWorker.java:52)
	at org.testng.SuiteRunnerWorker.run(SuiteRunnerWorker.java:86)
	at org.testng.TestNG.runSuitesSequentially(TestNG.java:1215)
	at org.testng.TestNG.runSuitesLocally(TestNG.java:1140)
	at org.testng.TestNG.run(TestNG.java:1048)
	at com.DWP.runalltest.AllTestRun.main(AllTestRun.java:40)
Caused by: java.io.FileNotFoundException: D:\software\intellij idea\IdeaProjects\DWP_Season3\src\com\DWP\多租户管理\资源配额管理\Yarn资源配额管理\data\delete.xls (设备未就绪。)
	at java.io.FileInputStream.open0(Native Method)
	at java.io.FileInputStream.open(Unknown Source)
	at java.io.FileInputStream.<init>(Unknown Source)
	at com.publicfunction.publicFunction.ReadData(publicFunction.java:396)
	at com.DWP.多租户管理.资源配额管理.Yarn资源配额管理.script.Yarn.deletedata(Yarn.java:42)
	at sun.reflect.NativeMethodAccessorImpl.invoke0(Native Method)
	at sun.reflect.NativeMethodAccessorImpl.invoke(Unknown Source)
	at sun.reflect.DelegatingMethodAccessorImpl.invoke(Unknown Source)
	at java.lang.reflect.Method.invoke(Unknown Source)
	at org.testng.internal.MethodInvocationHelper.invokeMethod(MethodInvocationHelper.java:85)
	at org.testng.internal.MethodInvocationHelper.invokeDataProvider(MethodInvocationHelper.java:136)
	... 18 more
]]>
            </full-stacktrace>
          </exception> <!-- java.lang.RuntimeException -->
          <reporter-output>
          </reporter-output>
        </test-method> <!-- delete -->
        <test-method status="PASS" signature="afterclass()[pri:0, instance:com.DWP.多租户管理.资源配额管理.Yarn资源配额管理.script.Yarn@5bf0d49]" name="afterclass" is-config="true" duration-ms="1194" started-at="2018-07-23T15:28:17Z" finished-at="2018-07-23T15:28:18Z">
          <reporter-output>
          </reporter-output>
        </test-method> <!-- afterclass -->
      </class> <!-- com.DWP.多租户管理.资源配额管理.Yarn资源配额管理.script.Yarn -->
      <class name="com.DWP.多租户管理.资源配额管理.Kafka配额管理.script.KafkaResource">
        <test-method status="PASS" signature="startchromedriver()[pri:0, instance:com.DWP.多租户管理.资源配额管理.Kafka配额管理.script.KafkaResource@776aec5c]" name="startchromedriver" is-config="true" duration-ms="3503" started-at="2018-07-23T15:28:27Z" finished-at="2018-07-23T15:28:31Z">
          <reporter-output>
          </reporter-output>
        </test-method> <!-- startchromedriver -->
        <test-method status="PASS" signature="login()[pri:0, instance:com.DWP.多租户管理.资源配额管理.Kafka配额管理.script.KafkaResource@776aec5c]" name="login" is-config="true" duration-ms="4695" started-at="2018-07-23T15:28:31Z" finished-at="2018-07-23T15:28:36Z">
          <reporter-output>
          </reporter-output>
        </test-method> <!-- login -->
        <test-method status="SKIP" signature="create(java.lang.String, java.lang.String, java.lang.String, java.lang.String)[pri:0, instance:com.DWP.多租户管理.资源配额管理.Kafka配额管理.script.KafkaResource@776aec5c]" name="create" duration-ms="0" started-at="2018-07-23T15:28:36Z" description="场景1：创建" data-provider="createdata" finished-at="2018-07-23T15:28:36Z">
          <exception class="java.lang.RuntimeException">
            <message>
              <![CDATA[java.io.FileNotFoundException: D:\software\intellij idea\IdeaProjects\DWP_Season3\src\com\DWP\多租户管理\资源配额管理\kafka配额管理\data\create.xls (设备未就绪。)]]>
            </message>
            <full-stacktrace>
              <![CDATA[java.lang.RuntimeException: java.io.FileNotFoundException: D:\software\intellij idea\IdeaProjects\DWP_Season3\src\com\DWP\多租户管理\资源配额管理\kafka配额管理\data\create.xls (设备未就绪。)
	at org.testng.internal.MethodInvocationHelper.invokeDataProvider(MethodInvocationHelper.java:162)
	at org.testng.internal.Parameters.handleParameters(Parameters.java:430)
	at org.testng.internal.Invoker.handleParameters(Invoker.java:1270)
	at org.testng.internal.Invoker.createParameters(Invoker.java:985)
	at org.testng.internal.Invoker.invokeTestMethods(Invoker.java:1075)
	at org.testng.internal.TestMethodWorker.invokeTestMethods(TestMethodWorker.java:125)
	at org.testng.internal.TestMethodWorker.run(TestMethodWorker.java:108)
	at org.testng.TestRunner.privateRun(TestRunner.java:774)
	at org.testng.TestRunner.run(TestRunner.java:624)
	at org.testng.SuiteRunner.runTest(SuiteRunner.java:359)
	at org.testng.SuiteRunner.runSequentially(SuiteRunner.java:354)
	at org.testng.SuiteRunner.privateRun(SuiteRunner.java:312)
	at org.testng.SuiteRunner.run(SuiteRunner.java:261)
	at org.testng.SuiteRunnerWorker.runSuite(SuiteRunnerWorker.java:52)
	at org.testng.SuiteRunnerWorker.run(SuiteRunnerWorker.java:86)
	at org.testng.TestNG.runSuitesSequentially(TestNG.java:1215)
	at org.testng.TestNG.runSuitesLocally(TestNG.java:1140)
	at org.testng.TestNG.run(TestNG.java:1048)
	at com.DWP.runalltest.AllTestRun.main(AllTestRun.java:40)
Caused by: java.io.FileNotFoundException: D:\software\intellij idea\IdeaProjects\DWP_Season3\src\com\DWP\多租户管理\资源配额管理\kafka配额管理\data\create.xls (设备未就绪。)
	at java.io.FileInputStream.open0(Native Method)
	at java.io.FileInputStream.open(Unknown Source)
	at java.io.FileInputStream.<init>(Unknown Source)
	at com.publicfunction.publicFunction.ReadData(publicFunction.java:396)
	at com.DWP.多租户管理.资源配额管理.Kafka配额管理.script.KafkaResource.createdata(KafkaResource.java:37)
	at sun.reflect.NativeMethodAccessorImpl.invoke0(Native Method)
	at sun.reflect.NativeMethodAccessorImpl.invoke(Unknown Source)
	at sun.reflect.DelegatingMethodAccessorImpl.invoke(Unknown Source)
	at java.lang.reflect.Method.invoke(Unknown Source)
	at org.testng.internal.MethodInvocationHelper.invokeMethod(MethodInvocationHelper.java:85)
	at org.testng.internal.MethodInvocationHelper.invokeDataProvider(MethodInvocationHelper.java:136)
	... 18 more
]]>
            </full-stacktrace>
          </exception> <!-- java.lang.RuntimeException -->
          <reporter-output>
          </reporter-output>
        </test-method> <!-- create -->
        <test-method status="SKIP" signature="check(java.lang.String)[pri:1, instance:com.DWP.多租户管理.资源配额管理.Kafka配额管理.script.KafkaResource@776aec5c]" name="check" duration-ms="0" started-at="2018-07-23T15:28:36Z" description="场景2：查询" data-provider="checkdata" finished-at="2018-07-23T15:28:36Z">
          <exception class="java.lang.RuntimeException">
            <message>
              <![CDATA[java.io.FileNotFoundException: D:\software\intellij idea\IdeaProjects\DWP_Season3\src\com\DWP\多租户管理\资源配额管理\kafka配额管理\data\check.xls (设备未就绪。)]]>
            </message>
            <full-stacktrace>
              <![CDATA[java.lang.RuntimeException: java.io.FileNotFoundException: D:\software\intellij idea\IdeaProjects\DWP_Season3\src\com\DWP\多租户管理\资源配额管理\kafka配额管理\data\check.xls (设备未就绪。)
	at org.testng.internal.MethodInvocationHelper.invokeDataProvider(MethodInvocationHelper.java:162)
	at org.testng.internal.Parameters.handleParameters(Parameters.java:430)
	at org.testng.internal.Invoker.handleParameters(Invoker.java:1270)
	at org.testng.internal.Invoker.createParameters(Invoker.java:985)
	at org.testng.internal.Invoker.invokeTestMethods(Invoker.java:1075)
	at org.testng.internal.TestMethodWorker.invokeTestMethods(TestMethodWorker.java:125)
	at org.testng.internal.TestMethodWorker.run(TestMethodWorker.java:108)
	at org.testng.TestRunner.privateRun(TestRunner.java:774)
	at org.testng.TestRunner.run(TestRunner.java:624)
	at org.testng.SuiteRunner.runTest(SuiteRunner.java:359)
	at org.testng.SuiteRunner.runSequentially(SuiteRunner.java:354)
	at org.testng.SuiteRunner.privateRun(SuiteRunner.java:312)
	at org.testng.SuiteRunner.run(SuiteRunner.java:261)
	at org.testng.SuiteRunnerWorker.runSuite(SuiteRunnerWorker.java:52)
	at org.testng.SuiteRunnerWorker.run(SuiteRunnerWorker.java:86)
	at org.testng.TestNG.runSuitesSequentially(TestNG.java:1215)
	at org.testng.TestNG.runSuitesLocally(TestNG.java:1140)
	at org.testng.TestNG.run(TestNG.java:1048)
	at com.DWP.runalltest.AllTestRun.main(AllTestRun.java:40)
Caused by: java.io.FileNotFoundException: D:\software\intellij idea\IdeaProjects\DWP_Season3\src\com\DWP\多租户管理\资源配额管理\kafka配额管理\data\check.xls (设备未就绪。)
	at java.io.FileInputStream.open0(Native Method)
	at java.io.FileInputStream.open(Unknown Source)
	at java.io.FileInputStream.<init>(Unknown Source)
	at com.publicfunction.publicFunction.ReadData(publicFunction.java:396)
	at com.DWP.多租户管理.资源配额管理.Kafka配额管理.script.KafkaResource.checkdata(KafkaResource.java:41)
	at sun.reflect.NativeMethodAccessorImpl.invoke0(Native Method)
	at sun.reflect.NativeMethodAccessorImpl.invoke(Unknown Source)
	at sun.reflect.DelegatingMethodAccessorImpl.invoke(Unknown Source)
	at java.lang.reflect.Method.invoke(Unknown Source)
	at org.testng.internal.MethodInvocationHelper.invokeMethod(MethodInvocationHelper.java:85)
	at org.testng.internal.MethodInvocationHelper.invokeDataProvider(MethodInvocationHelper.java:136)
	... 18 more
]]>
            </full-stacktrace>
          </exception> <!-- java.lang.RuntimeException -->
          <reporter-output>
          </reporter-output>
        </test-method> <!-- check -->
        <test-method status="SKIP" signature="delete(java.lang.String)[pri:3, instance:com.DWP.多租户管理.资源配额管理.Kafka配额管理.script.KafkaResource@776aec5c]" name="delete" duration-ms="0" started-at="2018-07-23T15:28:36Z" description="场景4：删除" data-provider="deletedata" finished-at="2018-07-23T15:28:36Z">
          <exception class="java.lang.RuntimeException">
            <message>
              <![CDATA[java.io.FileNotFoundException: D:\software\intellij idea\IdeaProjects\DWP_Season3\src\com\DWP\多租户管理\资源配额管理\kafka配额管理\data\delete.xls (设备未就绪。)]]>
            </message>
            <full-stacktrace>
              <![CDATA[java.lang.RuntimeException: java.io.FileNotFoundException: D:\software\intellij idea\IdeaProjects\DWP_Season3\src\com\DWP\多租户管理\资源配额管理\kafka配额管理\data\delete.xls (设备未就绪。)
	at org.testng.internal.MethodInvocationHelper.invokeDataProvider(MethodInvocationHelper.java:162)
	at org.testng.internal.Parameters.handleParameters(Parameters.java:430)
	at org.testng.internal.Invoker.handleParameters(Invoker.java:1270)
	at org.testng.internal.Invoker.createParameters(Invoker.java:985)
	at org.testng.internal.Invoker.invokeTestMethods(Invoker.java:1075)
	at org.testng.internal.TestMethodWorker.invokeTestMethods(TestMethodWorker.java:125)
	at org.testng.internal.TestMethodWorker.run(TestMethodWorker.java:108)
	at org.testng.TestRunner.privateRun(TestRunner.java:774)
	at org.testng.TestRunner.run(TestRunner.java:624)
	at org.testng.SuiteRunner.runTest(SuiteRunner.java:359)
	at org.testng.SuiteRunner.runSequentially(SuiteRunner.java:354)
	at org.testng.SuiteRunner.privateRun(SuiteRunner.java:312)
	at org.testng.SuiteRunner.run(SuiteRunner.java:261)
	at org.testng.SuiteRunnerWorker.runSuite(SuiteRunnerWorker.java:52)
	at org.testng.SuiteRunnerWorker.run(SuiteRunnerWorker.java:86)
	at org.testng.TestNG.runSuitesSequentially(TestNG.java:1215)
	at org.testng.TestNG.runSuitesLocally(TestNG.java:1140)
	at org.testng.TestNG.run(TestNG.java:1048)
	at com.DWP.runalltest.AllTestRun.main(AllTestRun.java:40)
Caused by: java.io.FileNotFoundException: D:\software\intellij idea\IdeaProjects\DWP_Season3\src\com\DWP\多租户管理\资源配额管理\kafka配额管理\data\delete.xls (设备未就绪。)
	at java.io.FileInputStream.open0(Native Method)
	at java.io.FileInputStream.open(Unknown Source)
	at java.io.FileInputStream.<init>(Unknown Source)
	at com.publicfunction.publicFunction.ReadData(publicFunction.java:396)
	at com.DWP.多租户管理.资源配额管理.Kafka配额管理.script.KafkaResource.deletedata(KafkaResource.java:49)
	at sun.reflect.NativeMethodAccessorImpl.invoke0(Native Method)
	at sun.reflect.NativeMethodAccessorImpl.invoke(Unknown Source)
	at sun.reflect.DelegatingMethodAccessorImpl.invoke(Unknown Source)
	at java.lang.reflect.Method.invoke(Unknown Source)
	at org.testng.internal.MethodInvocationHelper.invokeMethod(MethodInvocationHelper.java:85)
	at org.testng.internal.MethodInvocationHelper.invokeDataProvider(MethodInvocationHelper.java:136)
	... 18 more
]]>
            </full-stacktrace>
          </exception> <!-- java.lang.RuntimeException -->
          <reporter-output>
          </reporter-output>
        </test-method> <!-- delete -->
        <test-method status="SKIP" signature="modify(java.lang.String, java.lang.String)[pri:2, instance:com.DWP.多租户管理.资源配额管理.Kafka配额管理.script.KafkaResource@776aec5c]" name="modify" duration-ms="0" started-at="2018-07-23T15:28:36Z" description="场景3：修改" data-provider="modifydata" finished-at="2018-07-23T15:28:36Z">
          <exception class="java.lang.RuntimeException">
            <message>
              <![CDATA[java.io.FileNotFoundException: D:\software\intellij idea\IdeaProjects\DWP_Season3\src\com\DWP\多租户管理\资源配额管理\kafka配额管理\data\modify.xls (设备未就绪。)]]>
            </message>
            <full-stacktrace>
              <![CDATA[java.lang.RuntimeException: java.io.FileNotFoundException: D:\software\intellij idea\IdeaProjects\DWP_Season3\src\com\DWP\多租户管理\资源配额管理\kafka配额管理\data\modify.xls (设备未就绪。)
	at org.testng.internal.MethodInvocationHelper.invokeDataProvider(MethodInvocationHelper.java:162)
	at org.testng.internal.Parameters.handleParameters(Parameters.java:430)
	at org.testng.internal.Invoker.handleParameters(Invoker.java:1270)
	at org.testng.internal.Invoker.createParameters(Invoker.java:985)
	at org.testng.internal.Invoker.invokeTestMethods(Invoker.java:1075)
	at org.testng.internal.TestMethodWorker.invokeTestMethods(TestMethodWorker.java:125)
	at org.testng.internal.TestMethodWorker.run(TestMethodWorker.java:108)
	at org.testng.TestRunner.privateRun(TestRunner.java:774)
	at org.testng.TestRunner.run(TestRunner.java:624)
	at org.testng.SuiteRunner.runTest(SuiteRunner.java:359)
	at org.testng.SuiteRunner.runSequentially(SuiteRunner.java:354)
	at org.testng.SuiteRunner.privateRun(SuiteRunner.java:312)
	at org.testng.SuiteRunner.run(SuiteRunner.java:261)
	at org.testng.SuiteRunnerWorker.runSuite(SuiteRunnerWorker.java:52)
	at org.testng.SuiteRunnerWorker.run(SuiteRunnerWorker.java:86)
	at org.testng.TestNG.runSuitesSequentially(TestNG.java:1215)
	at org.testng.TestNG.runSuitesLocally(TestNG.java:1140)
	at org.testng.TestNG.run(TestNG.java:1048)
	at com.DWP.runalltest.AllTestRun.main(AllTestRun.java:40)
Caused by: java.io.FileNotFoundException: D:\software\intellij idea\IdeaProjects\DWP_Season3\src\com\DWP\多租户管理\资源配额管理\kafka配额管理\data\modify.xls (设备未就绪。)
	at java.io.FileInputStream.open0(Native Method)
	at java.io.FileInputStream.open(Unknown Source)
	at java.io.FileInputStream.<init>(Unknown Source)
	at com.publicfunction.publicFunction.ReadData(publicFunction.java:396)
	at com.DWP.多租户管理.资源配额管理.Kafka配额管理.script.KafkaResource.modifydata(KafkaResource.java:45)
	at sun.reflect.NativeMethodAccessorImpl.invoke0(Native Method)
	at sun.reflect.NativeMethodAccessorImpl.invoke(Unknown Source)
	at sun.reflect.DelegatingMethodAccessorImpl.invoke(Unknown Source)
	at java.lang.reflect.Method.invoke(Unknown Source)
	at org.testng.internal.MethodInvocationHelper.invokeMethod(MethodInvocationHelper.java:85)
	at org.testng.internal.MethodInvocationHelper.invokeDataProvider(MethodInvocationHelper.java:136)
	... 18 more
]]>
            </full-stacktrace>
          </exception> <!-- java.lang.RuntimeException -->
          <reporter-output>
          </reporter-output>
        </test-method> <!-- modify -->
        <test-method status="PASS" signature="afterclass()[pri:0, instance:com.DWP.多租户管理.资源配额管理.Kafka配额管理.script.KafkaResource@776aec5c]" name="afterclass" is-config="true" duration-ms="1189" started-at="2018-07-23T15:28:36Z" finished-at="2018-07-23T15:28:37Z">
          <reporter-output>
          </reporter-output>
        </test-method> <!-- afterclass -->
      </class> <!-- com.DWP.多租户管理.资源配额管理.Kafka配额管理.script.KafkaResource -->
      <class name="com.DWP.告警.script.Alerts">
        <test-method status="PASS" signature="startchromedriver()[pri:0, instance:com.DWP.告警.script.Alerts@28701274]" name="startchromedriver" is-config="true" duration-ms="3488" started-at="2018-07-23T15:25:30Z" finished-at="2018-07-23T15:25:34Z">
          <reporter-output>
          </reporter-output>
        </test-method> <!-- startchromedriver -->
        <test-method status="PASS" signature="login()[pri:0, instance:com.DWP.告警.script.Alerts@28701274]" name="login" is-config="true" duration-ms="4084" started-at="2018-07-23T15:25:34Z" finished-at="2018-07-23T15:25:38Z">
          <reporter-output>
          </reporter-output>
        </test-method> <!-- login -->
        <test-method status="PASS" signature="showup()[pri:0, instance:com.DWP.告警.script.Alerts@28701274]" name="showup" duration-ms="4926" started-at="2018-07-23T15:25:38Z" description="进入页面" finished-at="2018-07-23T15:25:43Z">
          <reporter-output>
          </reporter-output>
        </test-method> <!-- showup -->
        <test-method status="PASS" signature="afterclass()[pri:0, instance:com.DWP.告警.script.Alerts@28701274]" name="afterclass" is-config="true" duration-ms="1211" started-at="2018-07-23T15:25:43Z" finished-at="2018-07-23T15:25:44Z">
          <reporter-output>
          </reporter-output>
        </test-method> <!-- afterclass -->
      </class> <!-- com.DWP.告警.script.Alerts -->
      <class name="com.DWP.多租户管理.资源授权管理.HBase资源授权管理.script.HbaseAuthorization">
        <test-method status="PASS" signature="startchromedriver()[pri:0, instance:com.DWP.多租户管理.资源授权管理.HBase资源授权管理.script.HbaseAuthorization@7c7a06ec]" name="startchromedriver" is-config="true" duration-ms="3491" started-at="2018-07-23T15:28:46Z" finished-at="2018-07-23T15:28:49Z">
          <reporter-output>
          </reporter-output>
        </test-method> <!-- startchromedriver -->
        <test-method status="PASS" signature="login()[pri:0, instance:com.DWP.多租户管理.资源授权管理.HBase资源授权管理.script.HbaseAuthorization@7c7a06ec]" name="login" is-config="true" duration-ms="4109" started-at="2018-07-23T15:28:49Z" finished-at="2018-07-23T15:28:53Z">
          <reporter-output>
          </reporter-output>
        </test-method> <!-- login -->
        <test-method status="SKIP" signature="add(java.lang.String, java.lang.String, java.lang.String, java.lang.String, java.lang.String, java.lang.String, java.lang.String)[pri:0, instance:com.DWP.多租户管理.资源授权管理.HBase资源授权管理.script.HbaseAuthorization@7c7a06ec]" name="add" duration-ms="0" started-at="2018-07-23T15:28:53Z" description="场景1：新建策略" data-provider="adddata" finished-at="2018-07-23T15:28:53Z">
          <exception class="java.lang.RuntimeException">
            <message>
              <![CDATA[java.io.FileNotFoundException: D:\software\intellij idea\IdeaProjects\DWP_Season3\src\com\DWP\多租户管理\资源授权管理\HBase资源授权管理\data\add.xls (设备未就绪。)]]>
            </message>
            <full-stacktrace>
              <![CDATA[java.lang.RuntimeException: java.io.FileNotFoundException: D:\software\intellij idea\IdeaProjects\DWP_Season3\src\com\DWP\多租户管理\资源授权管理\HBase资源授权管理\data\add.xls (设备未就绪。)
	at org.testng.internal.MethodInvocationHelper.invokeDataProvider(MethodInvocationHelper.java:162)
	at org.testng.internal.Parameters.handleParameters(Parameters.java:430)
	at org.testng.internal.Invoker.handleParameters(Invoker.java:1270)
	at org.testng.internal.Invoker.createParameters(Invoker.java:985)
	at org.testng.internal.Invoker.invokeTestMethods(Invoker.java:1075)
	at org.testng.internal.TestMethodWorker.invokeTestMethods(TestMethodWorker.java:125)
	at org.testng.internal.TestMethodWorker.run(TestMethodWorker.java:108)
	at org.testng.TestRunner.privateRun(TestRunner.java:774)
	at org.testng.TestRunner.run(TestRunner.java:624)
	at org.testng.SuiteRunner.runTest(SuiteRunner.java:359)
	at org.testng.SuiteRunner.runSequentially(SuiteRunner.java:354)
	at org.testng.SuiteRunner.privateRun(SuiteRunner.java:312)
	at org.testng.SuiteRunner.run(SuiteRunner.java:261)
	at org.testng.SuiteRunnerWorker.runSuite(SuiteRunnerWorker.java:52)
	at org.testng.SuiteRunnerWorker.run(SuiteRunnerWorker.java:86)
	at org.testng.TestNG.runSuitesSequentially(TestNG.java:1215)
	at org.testng.TestNG.runSuitesLocally(TestNG.java:1140)
	at org.testng.TestNG.run(TestNG.java:1048)
	at com.DWP.runalltest.AllTestRun.main(AllTestRun.java:40)
Caused by: java.io.FileNotFoundException: D:\software\intellij idea\IdeaProjects\DWP_Season3\src\com\DWP\多租户管理\资源授权管理\HBase资源授权管理\data\add.xls (设备未就绪。)
	at java.io.FileInputStream.open0(Native Method)
	at java.io.FileInputStream.open(Unknown Source)
	at java.io.FileInputStream.<init>(Unknown Source)
	at com.publicfunction.publicFunction.ReadData(publicFunction.java:396)
	at com.DWP.多租户管理.资源授权管理.HBase资源授权管理.script.HbaseAuthorization.adddata(HbaseAuthorization.java:38)
	at sun.reflect.NativeMethodAccessorImpl.invoke0(Native Method)
	at sun.reflect.NativeMethodAccessorImpl.invoke(Unknown Source)
	at sun.reflect.DelegatingMethodAccessorImpl.invoke(Unknown Source)
	at java.lang.reflect.Method.invoke(Unknown Source)
	at org.testng.internal.MethodInvocationHelper.invokeMethod(MethodInvocationHelper.java:85)
	at org.testng.internal.MethodInvocationHelper.invokeDataProvider(MethodInvocationHelper.java:136)
	... 18 more
]]>
            </full-stacktrace>
          </exception> <!-- java.lang.RuntimeException -->
          <reporter-output>
          </reporter-output>
        </test-method> <!-- add -->
        <test-method status="SKIP" signature="update(java.lang.String, java.lang.String)[pri:2, instance:com.DWP.多租户管理.资源授权管理.HBase资源授权管理.script.HbaseAuthorization@7c7a06ec]" name="update" duration-ms="0" started-at="2018-07-23T15:28:53Z" description="场景3：编辑策略" data-provider="updatedata" finished-at="2018-07-23T15:28:53Z">
          <exception class="java.lang.RuntimeException">
            <message>
              <![CDATA[java.io.FileNotFoundException: D:\software\intellij idea\IdeaProjects\DWP_Season3\src\com\DWP\多租户管理\资源授权管理\HBase资源授权管理\data\update.xls (设备未就绪。)]]>
            </message>
            <full-stacktrace>
              <![CDATA[java.lang.RuntimeException: java.io.FileNotFoundException: D:\software\intellij idea\IdeaProjects\DWP_Season3\src\com\DWP\多租户管理\资源授权管理\HBase资源授权管理\data\update.xls (设备未就绪。)
	at org.testng.internal.MethodInvocationHelper.invokeDataProvider(MethodInvocationHelper.java:162)
	at org.testng.internal.Parameters.handleParameters(Parameters.java:430)
	at org.testng.internal.Invoker.handleParameters(Invoker.java:1270)
	at org.testng.internal.Invoker.createParameters(Invoker.java:985)
	at org.testng.internal.Invoker.invokeTestMethods(Invoker.java:1075)
	at org.testng.internal.TestMethodWorker.invokeTestMethods(TestMethodWorker.java:125)
	at org.testng.internal.TestMethodWorker.run(TestMethodWorker.java:108)
	at org.testng.TestRunner.privateRun(TestRunner.java:774)
	at org.testng.TestRunner.run(TestRunner.java:624)
	at org.testng.SuiteRunner.runTest(SuiteRunner.java:359)
	at org.testng.SuiteRunner.runSequentially(SuiteRunner.java:354)
	at org.testng.SuiteRunner.privateRun(SuiteRunner.java:312)
	at org.testng.SuiteRunner.run(SuiteRunner.java:261)
	at org.testng.SuiteRunnerWorker.runSuite(SuiteRunnerWorker.java:52)
	at org.testng.SuiteRunnerWorker.run(SuiteRunnerWorker.java:86)
	at org.testng.TestNG.runSuitesSequentially(TestNG.java:1215)
	at org.testng.TestNG.runSuitesLocally(TestNG.java:1140)
	at org.testng.TestNG.run(TestNG.java:1048)
	at com.DWP.runalltest.AllTestRun.main(AllTestRun.java:40)
Caused by: java.io.FileNotFoundException: D:\software\intellij idea\IdeaProjects\DWP_Season3\src\com\DWP\多租户管理\资源授权管理\HBase资源授权管理\data\update.xls (设备未就绪。)
	at java.io.FileInputStream.open0(Native Method)
	at java.io.FileInputStream.open(Unknown Source)
	at java.io.FileInputStream.<init>(Unknown Source)
	at com.publicfunction.publicFunction.ReadData(publicFunction.java:396)
	at com.DWP.多租户管理.资源授权管理.HBase资源授权管理.script.HbaseAuthorization.updatedata(HbaseAuthorization.java:46)
	at sun.reflect.NativeMethodAccessorImpl.invoke0(Native Method)
	at sun.reflect.NativeMethodAccessorImpl.invoke(Unknown Source)
	at sun.reflect.DelegatingMethodAccessorImpl.invoke(Unknown Source)
	at java.lang.reflect.Method.invoke(Unknown Source)
	at org.testng.internal.MethodInvocationHelper.invokeMethod(MethodInvocationHelper.java:85)
	at org.testng.internal.MethodInvocationHelper.invokeDataProvider(MethodInvocationHelper.java:136)
	... 18 more
]]>
            </full-stacktrace>
          </exception> <!-- java.lang.RuntimeException -->
          <reporter-output>
          </reporter-output>
        </test-method> <!-- update -->
        <test-method status="SKIP" signature="check(java.lang.String)[pri:1, instance:com.DWP.多租户管理.资源授权管理.HBase资源授权管理.script.HbaseAuthorization@7c7a06ec]" name="check" duration-ms="0" started-at="2018-07-23T15:28:53Z" description="场景2：查询策略" data-provider="checkdata" finished-at="2018-07-23T15:28:53Z">
          <exception class="java.lang.RuntimeException">
            <message>
              <![CDATA[java.io.FileNotFoundException: D:\software\intellij idea\IdeaProjects\DWP_Season3\src\com\DWP\多租户管理\资源授权管理\HBase资源授权管理\data\check.xls (设备未就绪。)]]>
            </message>
            <full-stacktrace>
              <![CDATA[java.lang.RuntimeException: java.io.FileNotFoundException: D:\software\intellij idea\IdeaProjects\DWP_Season3\src\com\DWP\多租户管理\资源授权管理\HBase资源授权管理\data\check.xls (设备未就绪。)
	at org.testng.internal.MethodInvocationHelper.invokeDataProvider(MethodInvocationHelper.java:162)
	at org.testng.internal.Parameters.handleParameters(Parameters.java:430)
	at org.testng.internal.Invoker.handleParameters(Invoker.java:1270)
	at org.testng.internal.Invoker.createParameters(Invoker.java:985)
	at org.testng.internal.Invoker.invokeTestMethods(Invoker.java:1075)
	at org.testng.internal.TestMethodWorker.invokeTestMethods(TestMethodWorker.java:125)
	at org.testng.internal.TestMethodWorker.run(TestMethodWorker.java:108)
	at org.testng.TestRunner.privateRun(TestRunner.java:774)
	at org.testng.TestRunner.run(TestRunner.java:624)
	at org.testng.SuiteRunner.runTest(SuiteRunner.java:359)
	at org.testng.SuiteRunner.runSequentially(SuiteRunner.java:354)
	at org.testng.SuiteRunner.privateRun(SuiteRunner.java:312)
	at org.testng.SuiteRunner.run(SuiteRunner.java:261)
	at org.testng.SuiteRunnerWorker.runSuite(SuiteRunnerWorker.java:52)
	at org.testng.SuiteRunnerWorker.run(SuiteRunnerWorker.java:86)
	at org.testng.TestNG.runSuitesSequentially(TestNG.java:1215)
	at org.testng.TestNG.runSuitesLocally(TestNG.java:1140)
	at org.testng.TestNG.run(TestNG.java:1048)
	at com.DWP.runalltest.AllTestRun.main(AllTestRun.java:40)
Caused by: java.io.FileNotFoundException: D:\software\intellij idea\IdeaProjects\DWP_Season3\src\com\DWP\多租户管理\资源授权管理\HBase资源授权管理\data\check.xls (设备未就绪。)
	at java.io.FileInputStream.open0(Native Method)
	at java.io.FileInputStream.open(Unknown Source)
	at java.io.FileInputStream.<init>(Unknown Source)
	at com.publicfunction.publicFunction.ReadData(publicFunction.java:396)
	at com.DWP.多租户管理.资源授权管理.HBase资源授权管理.script.HbaseAuthorization.checkdata(HbaseAuthorization.java:42)
	at sun.reflect.NativeMethodAccessorImpl.invoke0(Native Method)
	at sun.reflect.NativeMethodAccessorImpl.invoke(Unknown Source)
	at sun.reflect.DelegatingMethodAccessorImpl.invoke(Unknown Source)
	at java.lang.reflect.Method.invoke(Unknown Source)
	at org.testng.internal.MethodInvocationHelper.invokeMethod(MethodInvocationHelper.java:85)
	at org.testng.internal.MethodInvocationHelper.invokeDataProvider(MethodInvocationHelper.java:136)
	... 18 more
]]>
            </full-stacktrace>
          </exception> <!-- java.lang.RuntimeException -->
          <reporter-output>
          </reporter-output>
        </test-method> <!-- check -->
        <test-method status="PASS" signature="afterclass()[pri:0, instance:com.DWP.多租户管理.资源授权管理.HBase资源授权管理.script.HbaseAuthorization@7c7a06ec]" name="afterclass" is-config="true" duration-ms="1177" started-at="2018-07-23T15:28:53Z" finished-at="2018-07-23T15:28:55Z">
          <reporter-output>
          </reporter-output>
        </test-method> <!-- afterclass -->
        <test-method status="SKIP" signature="del(java.lang.String)[pri:3, instance:com.DWP.多租户管理.资源授权管理.HBase资源授权管理.script.HbaseAuthorization@7c7a06ec]" name="del" duration-ms="0" started-at="2018-07-23T15:28:53Z" description="场景4：删除策略" data-provider="deldata" finished-at="2018-07-23T15:28:53Z">
          <exception class="java.lang.RuntimeException">
            <message>
              <![CDATA[java.io.FileNotFoundException: D:\software\intellij idea\IdeaProjects\DWP_Season3\src\com\DWP\多租户管理\资源授权管理\HBase资源授权管理\data\del.xls (设备未就绪。)]]>
            </message>
            <full-stacktrace>
              <![CDATA[java.lang.RuntimeException: java.io.FileNotFoundException: D:\software\intellij idea\IdeaProjects\DWP_Season3\src\com\DWP\多租户管理\资源授权管理\HBase资源授权管理\data\del.xls (设备未就绪。)
	at org.testng.internal.MethodInvocationHelper.invokeDataProvider(MethodInvocationHelper.java:162)
	at org.testng.internal.Parameters.handleParameters(Parameters.java:430)
	at org.testng.internal.Invoker.handleParameters(Invoker.java:1270)
	at org.testng.internal.Invoker.createParameters(Invoker.java:985)
	at org.testng.internal.Invoker.invokeTestMethods(Invoker.java:1075)
	at org.testng.internal.TestMethodWorker.invokeTestMethods(TestMethodWorker.java:125)
	at org.testng.internal.TestMethodWorker.run(TestMethodWorker.java:108)
	at org.testng.TestRunner.privateRun(TestRunner.java:774)
	at org.testng.TestRunner.run(TestRunner.java:624)
	at org.testng.SuiteRunner.runTest(SuiteRunner.java:359)
	at org.testng.SuiteRunner.runSequentially(SuiteRunner.java:354)
	at org.testng.SuiteRunner.privateRun(SuiteRunner.java:312)
	at org.testng.SuiteRunner.run(SuiteRunner.java:261)
	at org.testng.SuiteRunnerWorker.runSuite(SuiteRunnerWorker.java:52)
	at org.testng.SuiteRunnerWorker.run(SuiteRunnerWorker.java:86)
	at org.testng.TestNG.runSuitesSequentially(TestNG.java:1215)
	at org.testng.TestNG.runSuitesLocally(TestNG.java:1140)
	at org.testng.TestNG.run(TestNG.java:1048)
	at com.DWP.runalltest.AllTestRun.main(AllTestRun.java:40)
Caused by: java.io.FileNotFoundException: D:\software\intellij idea\IdeaProjects\DWP_Season3\src\com\DWP\多租户管理\资源授权管理\HBase资源授权管理\data\del.xls (设备未就绪。)
	at java.io.FileInputStream.open0(Native Method)
	at java.io.FileInputStream.open(Unknown Source)
	at java.io.FileInputStream.<init>(Unknown Source)
	at com.publicfunction.publicFunction.ReadData(publicFunction.java:396)
	at com.DWP.多租户管理.资源授权管理.HBase资源授权管理.script.HbaseAuthorization.deldata(HbaseAuthorization.java:50)
	at sun.reflect.NativeMethodAccessorImpl.invoke0(Native Method)
	at sun.reflect.NativeMethodAccessorImpl.invoke(Unknown Source)
	at sun.reflect.DelegatingMethodAccessorImpl.invoke(Unknown Source)
	at java.lang.reflect.Method.invoke(Unknown Source)
	at org.testng.internal.MethodInvocationHelper.invokeMethod(MethodInvocationHelper.java:85)
	at org.testng.internal.MethodInvocationHelper.invokeDataProvider(MethodInvocationHelper.java:136)
	... 18 more
]]>
            </full-stacktrace>
          </exception> <!-- java.lang.RuntimeException -->
          <reporter-output>
          </reporter-output>
        </test-method> <!-- del -->
      </class> <!-- com.DWP.多租户管理.资源授权管理.HBase资源授权管理.script.HbaseAuthorization -->
      <class name="com.DWP.多租户管理.资源配额管理.HDFS资源配额管理.script.HdfsResource">
        <test-method status="PASS" signature="startchromedriver()[pri:0, instance:com.DWP.多租户管理.资源配额管理.HDFS资源配额管理.script.HdfsResource@62379589]" name="startchromedriver" is-config="true" duration-ms="3524" started-at="2018-07-23T15:26:08Z" finished-at="2018-07-23T15:26:11Z">
          <reporter-output>
          </reporter-output>
        </test-method> <!-- startchromedriver -->
        <test-method status="PASS" signature="login()[pri:0, instance:com.DWP.多租户管理.资源配额管理.HDFS资源配额管理.script.HdfsResource@62379589]" name="login" is-config="true" duration-ms="4157" started-at="2018-07-23T15:26:11Z" finished-at="2018-07-23T15:26:15Z">
          <reporter-output>
          </reporter-output>
        </test-method> <!-- login -->
        <test-method status="SKIP" signature="createfolder(java.lang.String, java.lang.String)[pri:0, instance:com.DWP.多租户管理.资源配额管理.HDFS资源配额管理.script.HdfsResource@62379589]" name="createfolder" duration-ms="0" started-at="2018-07-23T15:26:15Z" description="场景1：创建文件夹" data-provider="createfolderdata" finished-at="2018-07-23T15:26:15Z">
          <exception class="java.lang.RuntimeException">
            <message>
              <![CDATA[java.io.FileNotFoundException: D:\software\intellij idea\IdeaProjects\DWP_Season3\src\com\DWP\多租户管理\资源配额管理\HDFS资源配额管理\data\createfolder.xls (设备未就绪。)]]>
            </message>
            <full-stacktrace>
              <![CDATA[java.lang.RuntimeException: java.io.FileNotFoundException: D:\software\intellij idea\IdeaProjects\DWP_Season3\src\com\DWP\多租户管理\资源配额管理\HDFS资源配额管理\data\createfolder.xls (设备未就绪。)
	at org.testng.internal.MethodInvocationHelper.invokeDataProvider(MethodInvocationHelper.java:162)
	at org.testng.internal.Parameters.handleParameters(Parameters.java:430)
	at org.testng.internal.Invoker.handleParameters(Invoker.java:1270)
	at org.testng.internal.Invoker.createParameters(Invoker.java:985)
	at org.testng.internal.Invoker.invokeTestMethods(Invoker.java:1075)
	at org.testng.internal.TestMethodWorker.invokeTestMethods(TestMethodWorker.java:125)
	at org.testng.internal.TestMethodWorker.run(TestMethodWorker.java:108)
	at org.testng.TestRunner.privateRun(TestRunner.java:774)
	at org.testng.TestRunner.run(TestRunner.java:624)
	at org.testng.SuiteRunner.runTest(SuiteRunner.java:359)
	at org.testng.SuiteRunner.runSequentially(SuiteRunner.java:354)
	at org.testng.SuiteRunner.privateRun(SuiteRunner.java:312)
	at org.testng.SuiteRunner.run(SuiteRunner.java:261)
	at org.testng.SuiteRunnerWorker.runSuite(SuiteRunnerWorker.java:52)
	at org.testng.SuiteRunnerWorker.run(SuiteRunnerWorker.java:86)
	at org.testng.TestNG.runSuitesSequentially(TestNG.java:1215)
	at org.testng.TestNG.runSuitesLocally(TestNG.java:1140)
	at org.testng.TestNG.run(TestNG.java:1048)
	at com.DWP.runalltest.AllTestRun.main(AllTestRun.java:40)
Caused by: java.io.FileNotFoundException: D:\software\intellij idea\IdeaProjects\DWP_Season3\src\com\DWP\多租户管理\资源配额管理\HDFS资源配额管理\data\createfolder.xls (设备未就绪。)
	at java.io.FileInputStream.open0(Native Method)
	at java.io.FileInputStream.open(Unknown Source)
	at java.io.FileInputStream.<init>(Unknown Source)
	at com.publicfunction.publicFunction.ReadData(publicFunction.java:396)
	at com.DWP.多租户管理.资源配额管理.HDFS资源配额管理.script.HdfsResource.createfolderdata(HdfsResource.java:37)
	at sun.reflect.NativeMethodAccessorImpl.invoke0(Native Method)
	at sun.reflect.NativeMethodAccessorImpl.invoke(Unknown Source)
	at sun.reflect.DelegatingMethodAccessorImpl.invoke(Unknown Source)
	at java.lang.reflect.Method.invoke(Unknown Source)
	at org.testng.internal.MethodInvocationHelper.invokeMethod(MethodInvocationHelper.java:85)
	at org.testng.internal.MethodInvocationHelper.invokeDataProvider(MethodInvocationHelper.java:136)
	... 18 more
]]>
            </full-stacktrace>
          </exception> <!-- java.lang.RuntimeException -->
          <reporter-output>
          </reporter-output>
        </test-method> <!-- createfolder -->
        <test-method status="SKIP" signature="createfile(java.lang.String, java.lang.String)[pri:1, instance:com.DWP.多租户管理.资源配额管理.HDFS资源配额管理.script.HdfsResource@62379589]" name="createfile" duration-ms="0" started-at="2018-07-23T15:26:15Z" description="场景2：在文件夹内创建文件" data-provider="createfiledata" finished-at="2018-07-23T15:26:15Z">
          <exception class="java.lang.RuntimeException">
            <message>
              <![CDATA[java.io.FileNotFoundException: D:\software\intellij idea\IdeaProjects\DWP_Season3\src\com\DWP\多租户管理\资源配额管理\HDFS资源配额管理\data\createfile.xls (设备未就绪。)]]>
            </message>
            <full-stacktrace>
              <![CDATA[java.lang.RuntimeException: java.io.FileNotFoundException: D:\software\intellij idea\IdeaProjects\DWP_Season3\src\com\DWP\多租户管理\资源配额管理\HDFS资源配额管理\data\createfile.xls (设备未就绪。)
	at org.testng.internal.MethodInvocationHelper.invokeDataProvider(MethodInvocationHelper.java:162)
	at org.testng.internal.Parameters.handleParameters(Parameters.java:430)
	at org.testng.internal.Invoker.handleParameters(Invoker.java:1270)
	at org.testng.internal.Invoker.createParameters(Invoker.java:985)
	at org.testng.internal.Invoker.invokeTestMethods(Invoker.java:1075)
	at org.testng.internal.TestMethodWorker.invokeTestMethods(TestMethodWorker.java:125)
	at org.testng.internal.TestMethodWorker.run(TestMethodWorker.java:108)
	at org.testng.TestRunner.privateRun(TestRunner.java:774)
	at org.testng.TestRunner.run(TestRunner.java:624)
	at org.testng.SuiteRunner.runTest(SuiteRunner.java:359)
	at org.testng.SuiteRunner.runSequentially(SuiteRunner.java:354)
	at org.testng.SuiteRunner.privateRun(SuiteRunner.java:312)
	at org.testng.SuiteRunner.run(SuiteRunner.java:261)
	at org.testng.SuiteRunnerWorker.runSuite(SuiteRunnerWorker.java:52)
	at org.testng.SuiteRunnerWorker.run(SuiteRunnerWorker.java:86)
	at org.testng.TestNG.runSuitesSequentially(TestNG.java:1215)
	at org.testng.TestNG.runSuitesLocally(TestNG.java:1140)
	at org.testng.TestNG.run(TestNG.java:1048)
	at com.DWP.runalltest.AllTestRun.main(AllTestRun.java:40)
Caused by: java.io.FileNotFoundException: D:\software\intellij idea\IdeaProjects\DWP_Season3\src\com\DWP\多租户管理\资源配额管理\HDFS资源配额管理\data\createfile.xls (设备未就绪。)
	at java.io.FileInputStream.open0(Native Method)
	at java.io.FileInputStream.open(Unknown Source)
	at java.io.FileInputStream.<init>(Unknown Source)
	at com.publicfunction.publicFunction.ReadData(publicFunction.java:396)
	at com.DWP.多租户管理.资源配额管理.HDFS资源配额管理.script.HdfsResource.createfiledata(HdfsResource.java:41)
	at sun.reflect.NativeMethodAccessorImpl.invoke0(Native Method)
	at sun.reflect.NativeMethodAccessorImpl.invoke(Unknown Source)
	at sun.reflect.DelegatingMethodAccessorImpl.invoke(Unknown Source)
	at java.lang.reflect.Method.invoke(Unknown Source)
	at org.testng.internal.MethodInvocationHelper.invokeMethod(MethodInvocationHelper.java:85)
	at org.testng.internal.MethodInvocationHelper.invokeDataProvider(MethodInvocationHelper.java:136)
	... 18 more
]]>
            </full-stacktrace>
          </exception> <!-- java.lang.RuntimeException -->
          <reporter-output>
          </reporter-output>
        </test-method> <!-- createfile -->
        <test-method status="SKIP" signature="renamefile(java.lang.String, java.lang.String, java.lang.String)[pri:3, instance:com.DWP.多租户管理.资源配额管理.HDFS资源配额管理.script.HdfsResource@62379589]" name="renamefile" duration-ms="0" started-at="2018-07-23T15:26:15Z" description="场景4：在文件夹内对文件进行重命名" data-provider="renamefiledata" finished-at="2018-07-23T15:26:15Z">
          <exception class="java.lang.RuntimeException">
            <message>
              <![CDATA[java.io.FileNotFoundException: D:\software\intellij idea\IdeaProjects\DWP_Season3\src\com\DWP\多租户管理\资源配额管理\HDFS资源配额管理\data\renamefile.xls (设备未就绪。)]]>
            </message>
            <full-stacktrace>
              <![CDATA[java.lang.RuntimeException: java.io.FileNotFoundException: D:\software\intellij idea\IdeaProjects\DWP_Season3\src\com\DWP\多租户管理\资源配额管理\HDFS资源配额管理\data\renamefile.xls (设备未就绪。)
	at org.testng.internal.MethodInvocationHelper.invokeDataProvider(MethodInvocationHelper.java:162)
	at org.testng.internal.Parameters.handleParameters(Parameters.java:430)
	at org.testng.internal.Invoker.handleParameters(Invoker.java:1270)
	at org.testng.internal.Invoker.createParameters(Invoker.java:985)
	at org.testng.internal.Invoker.invokeTestMethods(Invoker.java:1075)
	at org.testng.internal.TestMethodWorker.invokeTestMethods(TestMethodWorker.java:125)
	at org.testng.internal.TestMethodWorker.run(TestMethodWorker.java:108)
	at org.testng.TestRunner.privateRun(TestRunner.java:774)
	at org.testng.TestRunner.run(TestRunner.java:624)
	at org.testng.SuiteRunner.runTest(SuiteRunner.java:359)
	at org.testng.SuiteRunner.runSequentially(SuiteRunner.java:354)
	at org.testng.SuiteRunner.privateRun(SuiteRunner.java:312)
	at org.testng.SuiteRunner.run(SuiteRunner.java:261)
	at org.testng.SuiteRunnerWorker.runSuite(SuiteRunnerWorker.java:52)
	at org.testng.SuiteRunnerWorker.run(SuiteRunnerWorker.java:86)
	at org.testng.TestNG.runSuitesSequentially(TestNG.java:1215)
	at org.testng.TestNG.runSuitesLocally(TestNG.java:1140)
	at org.testng.TestNG.run(TestNG.java:1048)
	at com.DWP.runalltest.AllTestRun.main(AllTestRun.java:40)
Caused by: java.io.FileNotFoundException: D:\software\intellij idea\IdeaProjects\DWP_Season3\src\com\DWP\多租户管理\资源配额管理\HDFS资源配额管理\data\renamefile.xls (设备未就绪。)
	at java.io.FileInputStream.open0(Native Method)
	at java.io.FileInputStream.open(Unknown Source)
	at java.io.FileInputStream.<init>(Unknown Source)
	at com.publicfunction.publicFunction.ReadData(publicFunction.java:396)
	at com.DWP.多租户管理.资源配额管理.HDFS资源配额管理.script.HdfsResource.renamefiledata(HdfsResource.java:49)
	at sun.reflect.NativeMethodAccessorImpl.invoke0(Native Method)
	at sun.reflect.NativeMethodAccessorImpl.invoke(Unknown Source)
	at sun.reflect.DelegatingMethodAccessorImpl.invoke(Unknown Source)
	at java.lang.reflect.Method.invoke(Unknown Source)
	at org.testng.internal.MethodInvocationHelper.invokeMethod(MethodInvocationHelper.java:85)
	at org.testng.internal.MethodInvocationHelper.invokeDataProvider(MethodInvocationHelper.java:136)
	... 18 more
]]>
            </full-stacktrace>
          </exception> <!-- java.lang.RuntimeException -->
          <reporter-output>
          </reporter-output>
        </test-method> <!-- renamefile -->
        <test-method status="SKIP" signature="upload(java.lang.String, java.lang.String)[pri:2, instance:com.DWP.多租户管理.资源配额管理.HDFS资源配额管理.script.HdfsResource@62379589]" name="upload" duration-ms="0" started-at="2018-07-23T15:26:15Z" description="场景3：在文件夹内上传文件" data-provider="uploaddata" finished-at="2018-07-23T15:26:15Z">
          <exception class="java.lang.RuntimeException">
            <message>
              <![CDATA[java.io.FileNotFoundException: D:\software\intellij idea\IdeaProjects\DWP_Season3\src\com\DWP\多租户管理\资源配额管理\HDFS资源配额管理\data\upload.xls (设备未就绪。)]]>
            </message>
            <full-stacktrace>
              <![CDATA[java.lang.RuntimeException: java.io.FileNotFoundException: D:\software\intellij idea\IdeaProjects\DWP_Season3\src\com\DWP\多租户管理\资源配额管理\HDFS资源配额管理\data\upload.xls (设备未就绪。)
	at org.testng.internal.MethodInvocationHelper.invokeDataProvider(MethodInvocationHelper.java:162)
	at org.testng.internal.Parameters.handleParameters(Parameters.java:430)
	at org.testng.internal.Invoker.handleParameters(Invoker.java:1270)
	at org.testng.internal.Invoker.createParameters(Invoker.java:985)
	at org.testng.internal.Invoker.invokeTestMethods(Invoker.java:1075)
	at org.testng.internal.TestMethodWorker.invokeTestMethods(TestMethodWorker.java:125)
	at org.testng.internal.TestMethodWorker.run(TestMethodWorker.java:108)
	at org.testng.TestRunner.privateRun(TestRunner.java:774)
	at org.testng.TestRunner.run(TestRunner.java:624)
	at org.testng.SuiteRunner.runTest(SuiteRunner.java:359)
	at org.testng.SuiteRunner.runSequentially(SuiteRunner.java:354)
	at org.testng.SuiteRunner.privateRun(SuiteRunner.java:312)
	at org.testng.SuiteRunner.run(SuiteRunner.java:261)
	at org.testng.SuiteRunnerWorker.runSuite(SuiteRunnerWorker.java:52)
	at org.testng.SuiteRunnerWorker.run(SuiteRunnerWorker.java:86)
	at org.testng.TestNG.runSuitesSequentially(TestNG.java:1215)
	at org.testng.TestNG.runSuitesLocally(TestNG.java:1140)
	at org.testng.TestNG.run(TestNG.java:1048)
	at com.DWP.runalltest.AllTestRun.main(AllTestRun.java:40)
Caused by: java.io.FileNotFoundException: D:\software\intellij idea\IdeaProjects\DWP_Season3\src\com\DWP\多租户管理\资源配额管理\HDFS资源配额管理\data\upload.xls (设备未就绪。)
	at java.io.FileInputStream.open0(Native Method)
	at java.io.FileInputStream.open(Unknown Source)
	at java.io.FileInputStream.<init>(Unknown Source)
	at com.publicfunction.publicFunction.ReadData(publicFunction.java:396)
	at com.DWP.多租户管理.资源配额管理.HDFS资源配额管理.script.HdfsResource.uploaddata(HdfsResource.java:45)
	at sun.reflect.NativeMethodAccessorImpl.invoke0(Native Method)
	at sun.reflect.NativeMethodAccessorImpl.invoke(Unknown Source)
	at sun.reflect.DelegatingMethodAccessorImpl.invoke(Unknown Source)
	at java.lang.reflect.Method.invoke(Unknown Source)
	at org.testng.internal.MethodInvocationHelper.invokeMethod(MethodInvocationHelper.java:85)
	at org.testng.internal.MethodInvocationHelper.invokeDataProvider(MethodInvocationHelper.java:136)
	... 18 more
]]>
            </full-stacktrace>
          </exception> <!-- java.lang.RuntimeException -->
          <reporter-output>
          </reporter-output>
        </test-method> <!-- upload -->
        <test-method status="SKIP" signature="download(java.lang.String, java.lang.String)[pri:4, instance:com.DWP.多租户管理.资源配额管理.HDFS资源配额管理.script.HdfsResource@62379589]" name="download" duration-ms="0" started-at="2018-07-23T15:26:15Z" description="场景5：在文件夹下载文件" data-provider="downloaddata" finished-at="2018-07-23T15:26:15Z">
          <exception class="java.lang.RuntimeException">
            <message>
              <![CDATA[java.io.FileNotFoundException: D:\software\intellij idea\IdeaProjects\DWP_Season3\src\com\DWP\多租户管理\资源配额管理\HDFS资源配额管理\data\download.xls (设备未就绪。)]]>
            </message>
            <full-stacktrace>
              <![CDATA[java.lang.RuntimeException: java.io.FileNotFoundException: D:\software\intellij idea\IdeaProjects\DWP_Season3\src\com\DWP\多租户管理\资源配额管理\HDFS资源配额管理\data\download.xls (设备未就绪。)
	at org.testng.internal.MethodInvocationHelper.invokeDataProvider(MethodInvocationHelper.java:162)
	at org.testng.internal.Parameters.handleParameters(Parameters.java:430)
	at org.testng.internal.Invoker.handleParameters(Invoker.java:1270)
	at org.testng.internal.Invoker.createParameters(Invoker.java:985)
	at org.testng.internal.Invoker.invokeTestMethods(Invoker.java:1075)
	at org.testng.internal.TestMethodWorker.invokeTestMethods(TestMethodWorker.java:125)
	at org.testng.internal.TestMethodWorker.run(TestMethodWorker.java:108)
	at org.testng.TestRunner.privateRun(TestRunner.java:774)
	at org.testng.TestRunner.run(TestRunner.java:624)
	at org.testng.SuiteRunner.runTest(SuiteRunner.java:359)
	at org.testng.SuiteRunner.runSequentially(SuiteRunner.java:354)
	at org.testng.SuiteRunner.privateRun(SuiteRunner.java:312)
	at org.testng.SuiteRunner.run(SuiteRunner.java:261)
	at org.testng.SuiteRunnerWorker.runSuite(SuiteRunnerWorker.java:52)
	at org.testng.SuiteRunnerWorker.run(SuiteRunnerWorker.java:86)
	at org.testng.TestNG.runSuitesSequentially(TestNG.java:1215)
	at org.testng.TestNG.runSuitesLocally(TestNG.java:1140)
	at org.testng.TestNG.run(TestNG.java:1048)
	at com.DWP.runalltest.AllTestRun.main(AllTestRun.java:40)
Caused by: java.io.FileNotFoundException: D:\software\intellij idea\IdeaProjects\DWP_Season3\src\com\DWP\多租户管理\资源配额管理\HDFS资源配额管理\data\download.xls (设备未就绪。)
	at java.io.FileInputStream.open0(Native Method)
	at java.io.FileInputStream.open(Unknown Source)
	at java.io.FileInputStream.<init>(Unknown Source)
	at com.publicfunction.publicFunction.ReadData(publicFunction.java:396)
	at com.DWP.多租户管理.资源配额管理.HDFS资源配额管理.script.HdfsResource.downloaddata(HdfsResource.java:53)
	at sun.reflect.NativeMethodAccessorImpl.invoke0(Native Method)
	at sun.reflect.NativeMethodAccessorImpl.invoke(Unknown Source)
	at sun.reflect.DelegatingMethodAccessorImpl.invoke(Unknown Source)
	at java.lang.reflect.Method.invoke(Unknown Source)
	at org.testng.internal.MethodInvocationHelper.invokeMethod(MethodInvocationHelper.java:85)
	at org.testng.internal.MethodInvocationHelper.invokeDataProvider(MethodInvocationHelper.java:136)
	... 18 more
]]>
            </full-stacktrace>
          </exception> <!-- java.lang.RuntimeException -->
          <reporter-output>
          </reporter-output>
        </test-method> <!-- download -->
        <test-method status="SKIP" signature="renamefolder(java.lang.String, java.lang.String, java.lang.String)[pri:6, instance:com.DWP.多租户管理.资源配额管理.HDFS资源配额管理.script.HdfsResource@62379589]" name="renamefolder" duration-ms="0" started-at="2018-07-23T15:26:15Z" description="场景7：在文件夹内重命名文件夹" data-provider="renamefolderdata" finished-at="2018-07-23T15:26:15Z">
          <exception class="java.lang.RuntimeException">
            <message>
              <![CDATA[java.io.FileNotFoundException: D:\software\intellij idea\IdeaProjects\DWP_Season3\src\com\DWP\多租户管理\资源配额管理\HDFS资源配额管理\data\renamefolder.xls (设备未就绪。)]]>
            </message>
            <full-stacktrace>
              <![CDATA[java.lang.RuntimeException: java.io.FileNotFoundException: D:\software\intellij idea\IdeaProjects\DWP_Season3\src\com\DWP\多租户管理\资源配额管理\HDFS资源配额管理\data\renamefolder.xls (设备未就绪。)
	at org.testng.internal.MethodInvocationHelper.invokeDataProvider(MethodInvocationHelper.java:162)
	at org.testng.internal.Parameters.handleParameters(Parameters.java:430)
	at org.testng.internal.Invoker.handleParameters(Invoker.java:1270)
	at org.testng.internal.Invoker.createParameters(Invoker.java:985)
	at org.testng.internal.Invoker.invokeTestMethods(Invoker.java:1075)
	at org.testng.internal.TestMethodWorker.invokeTestMethods(TestMethodWorker.java:125)
	at org.testng.internal.TestMethodWorker.run(TestMethodWorker.java:108)
	at org.testng.TestRunner.privateRun(TestRunner.java:774)
	at org.testng.TestRunner.run(TestRunner.java:624)
	at org.testng.SuiteRunner.runTest(SuiteRunner.java:359)
	at org.testng.SuiteRunner.runSequentially(SuiteRunner.java:354)
	at org.testng.SuiteRunner.privateRun(SuiteRunner.java:312)
	at org.testng.SuiteRunner.run(SuiteRunner.java:261)
	at org.testng.SuiteRunnerWorker.runSuite(SuiteRunnerWorker.java:52)
	at org.testng.SuiteRunnerWorker.run(SuiteRunnerWorker.java:86)
	at org.testng.TestNG.runSuitesSequentially(TestNG.java:1215)
	at org.testng.TestNG.runSuitesLocally(TestNG.java:1140)
	at org.testng.TestNG.run(TestNG.java:1048)
	at com.DWP.runalltest.AllTestRun.main(AllTestRun.java:40)
Caused by: java.io.FileNotFoundException: D:\software\intellij idea\IdeaProjects\DWP_Season3\src\com\DWP\多租户管理\资源配额管理\HDFS资源配额管理\data\renamefolder.xls (设备未就绪。)
	at java.io.FileInputStream.open0(Native Method)
	at java.io.FileInputStream.open(Unknown Source)
	at java.io.FileInputStream.<init>(Unknown Source)
	at com.publicfunction.publicFunction.ReadData(publicFunction.java:396)
	at com.DWP.多租户管理.资源配额管理.HDFS资源配额管理.script.HdfsResource.renamefolderdata(HdfsResource.java:61)
	at sun.reflect.NativeMethodAccessorImpl.invoke0(Native Method)
	at sun.reflect.NativeMethodAccessorImpl.invoke(Unknown Source)
	at sun.reflect.DelegatingMethodAccessorImpl.invoke(Unknown Source)
	at java.lang.reflect.Method.invoke(Unknown Source)
	at org.testng.internal.MethodInvocationHelper.invokeMethod(MethodInvocationHelper.java:85)
	at org.testng.internal.MethodInvocationHelper.invokeDataProvider(MethodInvocationHelper.java:136)
	... 18 more
]]>
            </full-stacktrace>
          </exception> <!-- java.lang.RuntimeException -->
          <reporter-output>
          </reporter-output>
        </test-method> <!-- renamefolder -->
        <test-method status="SKIP" signature="deletefile(java.lang.String, java.lang.String)[pri:5, instance:com.DWP.多租户管理.资源配额管理.HDFS资源配额管理.script.HdfsResource@62379589]" name="deletefile" duration-ms="0" started-at="2018-07-23T15:26:15Z" description="场景6：在文件夹内删除文件" data-provider="deletefiledata" finished-at="2018-07-23T15:26:15Z">
          <exception class="java.lang.RuntimeException">
            <message>
              <![CDATA[java.io.FileNotFoundException: D:\software\intellij idea\IdeaProjects\DWP_Season3\src\com\DWP\多租户管理\资源配额管理\HDFS资源配额管理\data\deletefile.xls (设备未就绪。)]]>
            </message>
            <full-stacktrace>
              <![CDATA[java.lang.RuntimeException: java.io.FileNotFoundException: D:\software\intellij idea\IdeaProjects\DWP_Season3\src\com\DWP\多租户管理\资源配额管理\HDFS资源配额管理\data\deletefile.xls (设备未就绪。)
	at org.testng.internal.MethodInvocationHelper.invokeDataProvider(MethodInvocationHelper.java:162)
	at org.testng.internal.Parameters.handleParameters(Parameters.java:430)
	at org.testng.internal.Invoker.handleParameters(Invoker.java:1270)
	at org.testng.internal.Invoker.createParameters(Invoker.java:985)
	at org.testng.internal.Invoker.invokeTestMethods(Invoker.java:1075)
	at org.testng.internal.TestMethodWorker.invokeTestMethods(TestMethodWorker.java:125)
	at org.testng.internal.TestMethodWorker.run(TestMethodWorker.java:108)
	at org.testng.TestRunner.privateRun(TestRunner.java:774)
	at org.testng.TestRunner.run(TestRunner.java:624)
	at org.testng.SuiteRunner.runTest(SuiteRunner.java:359)
	at org.testng.SuiteRunner.runSequentially(SuiteRunner.java:354)
	at org.testng.SuiteRunner.privateRun(SuiteRunner.java:312)
	at org.testng.SuiteRunner.run(SuiteRunner.java:261)
	at org.testng.SuiteRunnerWorker.runSuite(SuiteRunnerWorker.java:52)
	at org.testng.SuiteRunnerWorker.run(SuiteRunnerWorker.java:86)
	at org.testng.TestNG.runSuitesSequentially(TestNG.java:1215)
	at org.testng.TestNG.runSuitesLocally(TestNG.java:1140)
	at org.testng.TestNG.run(TestNG.java:1048)
	at com.DWP.runalltest.AllTestRun.main(AllTestRun.java:40)
Caused by: java.io.FileNotFoundException: D:\software\intellij idea\IdeaProjects\DWP_Season3\src\com\DWP\多租户管理\资源配额管理\HDFS资源配额管理\data\deletefile.xls (设备未就绪。)
	at java.io.FileInputStream.open0(Native Method)
	at java.io.FileInputStream.open(Unknown Source)
	at java.io.FileInputStream.<init>(Unknown Source)
	at com.publicfunction.publicFunction.ReadData(publicFunction.java:396)
	at com.DWP.多租户管理.资源配额管理.HDFS资源配额管理.script.HdfsResource.deletefiledata(HdfsResource.java:57)
	at sun.reflect.NativeMethodAccessorImpl.invoke0(Native Method)
	at sun.reflect.NativeMethodAccessorImpl.invoke(Unknown Source)
	at sun.reflect.DelegatingMethodAccessorImpl.invoke(Unknown Source)
	at java.lang.reflect.Method.invoke(Unknown Source)
	at org.testng.internal.MethodInvocationHelper.invokeMethod(MethodInvocationHelper.java:85)
	at org.testng.internal.MethodInvocationHelper.invokeDataProvider(MethodInvocationHelper.java:136)
	... 18 more
]]>
            </full-stacktrace>
          </exception> <!-- java.lang.RuntimeException -->
          <reporter-output>
          </reporter-output>
        </test-method> <!-- deletefile -->
        <test-method status="SKIP" signature="check(java.lang.String, java.lang.String)[pri:7, instance:com.DWP.多租户管理.资源配额管理.HDFS资源配额管理.script.HdfsResource@62379589]" name="check" duration-ms="0" started-at="2018-07-23T15:26:15Z" description="场景8：在文件夹内查询" data-provider="checkdata" finished-at="2018-07-23T15:26:15Z">
          <exception class="java.lang.RuntimeException">
            <message>
              <![CDATA[java.io.FileNotFoundException: D:\software\intellij idea\IdeaProjects\DWP_Season3\src\com\DWP\多租户管理\资源配额管理\HDFS资源配额管理\data\check.xls (设备未就绪。)]]>
            </message>
            <full-stacktrace>
              <![CDATA[java.lang.RuntimeException: java.io.FileNotFoundException: D:\software\intellij idea\IdeaProjects\DWP_Season3\src\com\DWP\多租户管理\资源配额管理\HDFS资源配额管理\data\check.xls (设备未就绪。)
	at org.testng.internal.MethodInvocationHelper.invokeDataProvider(MethodInvocationHelper.java:162)
	at org.testng.internal.Parameters.handleParameters(Parameters.java:430)
	at org.testng.internal.Invoker.handleParameters(Invoker.java:1270)
	at org.testng.internal.Invoker.createParameters(Invoker.java:985)
	at org.testng.internal.Invoker.invokeTestMethods(Invoker.java:1075)
	at org.testng.internal.TestMethodWorker.invokeTestMethods(TestMethodWorker.java:125)
	at org.testng.internal.TestMethodWorker.run(TestMethodWorker.java:108)
	at org.testng.TestRunner.privateRun(TestRunner.java:774)
	at org.testng.TestRunner.run(TestRunner.java:624)
	at org.testng.SuiteRunner.runTest(SuiteRunner.java:359)
	at org.testng.SuiteRunner.runSequentially(SuiteRunner.java:354)
	at org.testng.SuiteRunner.privateRun(SuiteRunner.java:312)
	at org.testng.SuiteRunner.run(SuiteRunner.java:261)
	at org.testng.SuiteRunnerWorker.runSuite(SuiteRunnerWorker.java:52)
	at org.testng.SuiteRunnerWorker.run(SuiteRunnerWorker.java:86)
	at org.testng.TestNG.runSuitesSequentially(TestNG.java:1215)
	at org.testng.TestNG.runSuitesLocally(TestNG.java:1140)
	at org.testng.TestNG.run(TestNG.java:1048)
	at com.DWP.runalltest.AllTestRun.main(AllTestRun.java:40)
Caused by: java.io.FileNotFoundException: D:\software\intellij idea\IdeaProjects\DWP_Season3\src\com\DWP\多租户管理\资源配额管理\HDFS资源配额管理\data\check.xls (设备未就绪。)
	at java.io.FileInputStream.open0(Native Method)
	at java.io.FileInputStream.open(Unknown Source)
	at java.io.FileInputStream.<init>(Unknown Source)
	at com.publicfunction.publicFunction.ReadData(publicFunction.java:396)
	at com.DWP.多租户管理.资源配额管理.HDFS资源配额管理.script.HdfsResource.checkdata(HdfsResource.java:65)
	at sun.reflect.NativeMethodAccessorImpl.invoke0(Native Method)
	at sun.reflect.NativeMethodAccessorImpl.invoke(Unknown Source)
	at sun.reflect.DelegatingMethodAccessorImpl.invoke(Unknown Source)
	at java.lang.reflect.Method.invoke(Unknown Source)
	at org.testng.internal.MethodInvocationHelper.invokeMethod(MethodInvocationHelper.java:85)
	at org.testng.internal.MethodInvocationHelper.invokeDataProvider(MethodInvocationHelper.java:136)
	... 18 more
]]>
            </full-stacktrace>
          </exception> <!-- java.lang.RuntimeException -->
          <reporter-output>
          </reporter-output>
        </test-method> <!-- check -->
        <test-method status="SKIP" signature="deletefolder(java.lang.String, java.lang.String)[pri:8, instance:com.DWP.多租户管理.资源配额管理.HDFS资源配额管理.script.HdfsResource@62379589]" name="deletefolder" duration-ms="0" started-at="2018-07-23T15:26:15Z" description="场景9：在文件夹内删除文件夹" data-provider="deletefolderdata" finished-at="2018-07-23T15:26:15Z">
          <exception class="java.lang.RuntimeException">
            <message>
              <![CDATA[java.io.FileNotFoundException: D:\software\intellij idea\IdeaProjects\DWP_Season3\src\com\DWP\多租户管理\资源配额管理\HDFS资源配额管理\data\deletefolder.xls (设备未就绪。)]]>
            </message>
            <full-stacktrace>
              <![CDATA[java.lang.RuntimeException: java.io.FileNotFoundException: D:\software\intellij idea\IdeaProjects\DWP_Season3\src\com\DWP\多租户管理\资源配额管理\HDFS资源配额管理\data\deletefolder.xls (设备未就绪。)
	at org.testng.internal.MethodInvocationHelper.invokeDataProvider(MethodInvocationHelper.java:162)
	at org.testng.internal.Parameters.handleParameters(Parameters.java:430)
	at org.testng.internal.Invoker.handleParameters(Invoker.java:1270)
	at org.testng.internal.Invoker.createParameters(Invoker.java:985)
	at org.testng.internal.Invoker.invokeTestMethods(Invoker.java:1075)
	at org.testng.internal.TestMethodWorker.invokeTestMethods(TestMethodWorker.java:125)
	at org.testng.internal.TestMethodWorker.run(TestMethodWorker.java:108)
	at org.testng.TestRunner.privateRun(TestRunner.java:774)
	at org.testng.TestRunner.run(TestRunner.java:624)
	at org.testng.SuiteRunner.runTest(SuiteRunner.java:359)
	at org.testng.SuiteRunner.runSequentially(SuiteRunner.java:354)
	at org.testng.SuiteRunner.privateRun(SuiteRunner.java:312)
	at org.testng.SuiteRunner.run(SuiteRunner.java:261)
	at org.testng.SuiteRunnerWorker.runSuite(SuiteRunnerWorker.java:52)
	at org.testng.SuiteRunnerWorker.run(SuiteRunnerWorker.java:86)
	at org.testng.TestNG.runSuitesSequentially(TestNG.java:1215)
	at org.testng.TestNG.runSuitesLocally(TestNG.java:1140)
	at org.testng.TestNG.run(TestNG.java:1048)
	at com.DWP.runalltest.AllTestRun.main(AllTestRun.java:40)
Caused by: java.io.FileNotFoundException: D:\software\intellij idea\IdeaProjects\DWP_Season3\src\com\DWP\多租户管理\资源配额管理\HDFS资源配额管理\data\deletefolder.xls (设备未就绪。)
	at java.io.FileInputStream.open0(Native Method)
	at java.io.FileInputStream.open(Unknown Source)
	at java.io.FileInputStream.<init>(Unknown Source)
	at com.publicfunction.publicFunction.ReadData(publicFunction.java:396)
	at com.DWP.多租户管理.资源配额管理.HDFS资源配额管理.script.HdfsResource.deletefolderdata(HdfsResource.java:69)
	at sun.reflect.NativeMethodAccessorImpl.invoke0(Native Method)
	at sun.reflect.NativeMethodAccessorImpl.invoke(Unknown Source)
	at sun.reflect.DelegatingMethodAccessorImpl.invoke(Unknown Source)
	at java.lang.reflect.Method.invoke(Unknown Source)
	at org.testng.internal.MethodInvocationHelper.invokeMethod(MethodInvocationHelper.java:85)
	at org.testng.internal.MethodInvocationHelper.invokeDataProvider(MethodInvocationHelper.java:136)
	... 18 more
]]>
            </full-stacktrace>
          </exception> <!-- java.lang.RuntimeException -->
          <reporter-output>
          </reporter-output>
        </test-method> <!-- deletefolder -->
        <test-method status="FAIL" signature="delall()[pri:9, instance:com.DWP.多租户管理.资源配额管理.HDFS资源配额管理.script.HdfsResource@62379589]" name="delall" duration-ms="45762" started-at="2018-07-23T15:26:15Z" description="场景10：删除文件夹内所有文件以及文件夹" finished-at="2018-07-23T15:27:01Z">
          <exception class="java.lang.Exception">
            <full-stacktrace>
              <![CDATA[java.lang.Exception
	at com.publicfunction.publicFunction.nextPage(publicFunction.java:362)
	at com.DWP.多租户管理.资源配额管理.HDFS资源配额管理.script.HdfsResource.delall(HdfsResource.java:284)
	at sun.reflect.NativeMethodAccessorImpl.invoke0(Native Method)
	at sun.reflect.NativeMethodAccessorImpl.invoke(Unknown Source)
	at sun.reflect.DelegatingMethodAccessorImpl.invoke(Unknown Source)
	at java.lang.reflect.Method.invoke(Unknown Source)
	at org.testng.internal.MethodInvocationHelper.invokeMethod(MethodInvocationHelper.java:85)
	at org.testng.internal.Invoker.invokeMethod(Invoker.java:639)
	at org.testng.internal.Invoker.invokeTestMethod(Invoker.java:816)
	at org.testng.internal.Invoker.invokeTestMethods(Invoker.java:1124)
	at org.testng.internal.TestMethodWorker.invokeTestMethods(TestMethodWorker.java:125)
	at org.testng.internal.TestMethodWorker.run(TestMethodWorker.java:108)
	at org.testng.TestRunner.privateRun(TestRunner.java:774)
	at org.testng.TestRunner.run(TestRunner.java:624)
	at org.testng.SuiteRunner.runTest(SuiteRunner.java:359)
	at org.testng.SuiteRunner.runSequentially(SuiteRunner.java:354)
	at org.testng.SuiteRunner.privateRun(SuiteRunner.java:312)
	at org.testng.SuiteRunner.run(SuiteRunner.java:261)
	at org.testng.SuiteRunnerWorker.runSuite(SuiteRunnerWorker.java:52)
	at org.testng.SuiteRunnerWorker.run(SuiteRunnerWorker.java:86)
	at org.testng.TestNG.runSuitesSequentially(TestNG.java:1215)
	at org.testng.TestNG.runSuitesLocally(TestNG.java:1140)
	at org.testng.TestNG.run(TestNG.java:1048)
	at com.DWP.runalltest.AllTestRun.main(AllTestRun.java:40)
]]>
            </full-stacktrace>
          </exception> <!-- java.lang.Exception -->
          <reporter-output>
          </reporter-output>
        </test-method> <!-- delall -->
        <test-method status="PASS" signature="afterclass()[pri:0, instance:com.DWP.多租户管理.资源配额管理.HDFS资源配额管理.script.HdfsResource@62379589]" name="afterclass" is-config="true" duration-ms="1217" started-at="2018-07-23T15:27:01Z" finished-at="2018-07-23T15:27:02Z">
          <reporter-output>
          </reporter-output>
        </test-method> <!-- afterclass -->
      </class> <!-- com.DWP.多租户管理.资源配额管理.HDFS资源配额管理.script.HdfsResource -->
      <class name="com.DWP.安全管理.审计管理.管理日志.script.Admin">
        <test-method status="PASS" signature="startchromedriver()[pri:0, instance:com.DWP.安全管理.审计管理.管理日志.script.Admin@6c6cb480]" name="startchromedriver" is-config="true" duration-ms="3037" started-at="2018-07-23T15:30:04Z" finished-at="2018-07-23T15:30:07Z">
          <reporter-output>
          </reporter-output>
        </test-method> <!-- startchromedriver -->
        <test-method status="PASS" signature="login()[pri:0, instance:com.DWP.安全管理.审计管理.管理日志.script.Admin@6c6cb480]" name="login" is-config="true" duration-ms="4453" started-at="2018-07-23T15:30:07Z" finished-at="2018-07-23T15:30:12Z">
          <reporter-output>
          </reporter-output>
        </test-method> <!-- login -->
        <test-method status="PASS" signature="check()[pri:0, instance:com.DWP.安全管理.审计管理.管理日志.script.Admin@6c6cb480]" name="check" duration-ms="9101" started-at="2018-07-23T15:30:12Z" description="场景：查看对应日志类型" finished-at="2018-07-23T15:30:21Z">
          <reporter-output>
          </reporter-output>
        </test-method> <!-- check -->
        <test-method status="PASS" signature="afterclass()[pri:0, instance:com.DWP.安全管理.审计管理.管理日志.script.Admin@6c6cb480]" name="afterclass" is-config="true" duration-ms="1204" started-at="2018-07-23T15:30:21Z" finished-at="2018-07-23T15:30:22Z">
          <reporter-output>
          </reporter-output>
        </test-method> <!-- afterclass -->
      </class> <!-- com.DWP.安全管理.审计管理.管理日志.script.Admin -->
      <class name="com.DWP.多租户管理.资源配额管理.Kafka资源管理.script.Kafka">
        <test-method status="PASS" signature="startchromedriver()[pri:0, instance:com.DWP.多租户管理.资源配额管理.Kafka资源管理.script.Kafka@5b7a5baa]" name="startchromedriver" is-config="true" duration-ms="3524" started-at="2018-07-23T15:28:18Z" finished-at="2018-07-23T15:28:22Z">
          <reporter-output>
          </reporter-output>
        </test-method> <!-- startchromedriver -->
        <test-method status="PASS" signature="login()[pri:0, instance:com.DWP.多租户管理.资源配额管理.Kafka资源管理.script.Kafka@5b7a5baa]" name="login" is-config="true" duration-ms="4386" started-at="2018-07-23T15:28:22Z" finished-at="2018-07-23T15:28:26Z">
          <reporter-output>
          </reporter-output>
        </test-method> <!-- login -->
        <test-method status="SKIP" signature="create(java.lang.String, java.lang.String, java.lang.String, java.lang.String)[pri:0, instance:com.DWP.多租户管理.资源配额管理.Kafka资源管理.script.Kafka@5b7a5baa]" name="create" duration-ms="0" started-at="2018-07-23T15:28:26Z" description="场景1:创建" data-provider="createdata" finished-at="2018-07-23T15:28:26Z">
          <exception class="java.lang.RuntimeException">
            <message>
              <![CDATA[java.io.FileNotFoundException: D:\software\intellij idea\IdeaProjects\DWP_Season3\src\com\DWP\多租户管理\资源配额管理\Kafka资源管理\data\create.xls (设备未就绪。)]]>
            </message>
            <full-stacktrace>
              <![CDATA[java.lang.RuntimeException: java.io.FileNotFoundException: D:\software\intellij idea\IdeaProjects\DWP_Season3\src\com\DWP\多租户管理\资源配额管理\Kafka资源管理\data\create.xls (设备未就绪。)
	at org.testng.internal.MethodInvocationHelper.invokeDataProvider(MethodInvocationHelper.java:162)
	at org.testng.internal.Parameters.handleParameters(Parameters.java:430)
	at org.testng.internal.Invoker.handleParameters(Invoker.java:1270)
	at org.testng.internal.Invoker.createParameters(Invoker.java:985)
	at org.testng.internal.Invoker.invokeTestMethods(Invoker.java:1075)
	at org.testng.internal.TestMethodWorker.invokeTestMethods(TestMethodWorker.java:125)
	at org.testng.internal.TestMethodWorker.run(TestMethodWorker.java:108)
	at org.testng.TestRunner.privateRun(TestRunner.java:774)
	at org.testng.TestRunner.run(TestRunner.java:624)
	at org.testng.SuiteRunner.runTest(SuiteRunner.java:359)
	at org.testng.SuiteRunner.runSequentially(SuiteRunner.java:354)
	at org.testng.SuiteRunner.privateRun(SuiteRunner.java:312)
	at org.testng.SuiteRunner.run(SuiteRunner.java:261)
	at org.testng.SuiteRunnerWorker.runSuite(SuiteRunnerWorker.java:52)
	at org.testng.SuiteRunnerWorker.run(SuiteRunnerWorker.java:86)
	at org.testng.TestNG.runSuitesSequentially(TestNG.java:1215)
	at org.testng.TestNG.runSuitesLocally(TestNG.java:1140)
	at org.testng.TestNG.run(TestNG.java:1048)
	at com.DWP.runalltest.AllTestRun.main(AllTestRun.java:40)
Caused by: java.io.FileNotFoundException: D:\software\intellij idea\IdeaProjects\DWP_Season3\src\com\DWP\多租户管理\资源配额管理\Kafka资源管理\data\create.xls (设备未就绪。)
	at java.io.FileInputStream.open0(Native Method)
	at java.io.FileInputStream.open(Unknown Source)
	at java.io.FileInputStream.<init>(Unknown Source)
	at com.publicfunction.publicFunction.ReadData(publicFunction.java:396)
	at com.DWP.多租户管理.资源配额管理.Kafka资源管理.script.Kafka.createdata(Kafka.java:34)
	at sun.reflect.NativeMethodAccessorImpl.invoke0(Native Method)
	at sun.reflect.NativeMethodAccessorImpl.invoke(Unknown Source)
	at sun.reflect.DelegatingMethodAccessorImpl.invoke(Unknown Source)
	at java.lang.reflect.Method.invoke(Unknown Source)
	at org.testng.internal.MethodInvocationHelper.invokeMethod(MethodInvocationHelper.java:85)
	at org.testng.internal.MethodInvocationHelper.invokeDataProvider(MethodInvocationHelper.java:136)
	... 18 more
]]>
            </full-stacktrace>
          </exception> <!-- java.lang.RuntimeException -->
          <reporter-output>
          </reporter-output>
        </test-method> <!-- create -->
        <test-method status="SKIP" signature="modify(java.lang.String, java.lang.String)[pri:2, instance:com.DWP.多租户管理.资源配额管理.Kafka资源管理.script.Kafka@5b7a5baa]" name="modify" duration-ms="0" started-at="2018-07-23T15:28:26Z" description="场景3：修改" data-provider="modifydata" finished-at="2018-07-23T15:28:26Z">
          <exception class="java.lang.RuntimeException">
            <message>
              <![CDATA[java.io.FileNotFoundException: D:\software\intellij idea\IdeaProjects\DWP_Season3\src\com\DWP\多租户管理\资源配额管理\Kafka资源管理\data\modify.xls (设备未就绪。)]]>
            </message>
            <full-stacktrace>
              <![CDATA[java.lang.RuntimeException: java.io.FileNotFoundException: D:\software\intellij idea\IdeaProjects\DWP_Season3\src\com\DWP\多租户管理\资源配额管理\Kafka资源管理\data\modify.xls (设备未就绪。)
	at org.testng.internal.MethodInvocationHelper.invokeDataProvider(MethodInvocationHelper.java:162)
	at org.testng.internal.Parameters.handleParameters(Parameters.java:430)
	at org.testng.internal.Invoker.handleParameters(Invoker.java:1270)
	at org.testng.internal.Invoker.createParameters(Invoker.java:985)
	at org.testng.internal.Invoker.invokeTestMethods(Invoker.java:1075)
	at org.testng.internal.TestMethodWorker.invokeTestMethods(TestMethodWorker.java:125)
	at org.testng.internal.TestMethodWorker.run(TestMethodWorker.java:108)
	at org.testng.TestRunner.privateRun(TestRunner.java:774)
	at org.testng.TestRunner.run(TestRunner.java:624)
	at org.testng.SuiteRunner.runTest(SuiteRunner.java:359)
	at org.testng.SuiteRunner.runSequentially(SuiteRunner.java:354)
	at org.testng.SuiteRunner.privateRun(SuiteRunner.java:312)
	at org.testng.SuiteRunner.run(SuiteRunner.java:261)
	at org.testng.SuiteRunnerWorker.runSuite(SuiteRunnerWorker.java:52)
	at org.testng.SuiteRunnerWorker.run(SuiteRunnerWorker.java:86)
	at org.testng.TestNG.runSuitesSequentially(TestNG.java:1215)
	at org.testng.TestNG.runSuitesLocally(TestNG.java:1140)
	at org.testng.TestNG.run(TestNG.java:1048)
	at com.DWP.runalltest.AllTestRun.main(AllTestRun.java:40)
Caused by: java.io.FileNotFoundException: D:\software\intellij idea\IdeaProjects\DWP_Season3\src\com\DWP\多租户管理\资源配额管理\Kafka资源管理\data\modify.xls (设备未就绪。)
	at java.io.FileInputStream.open0(Native Method)
	at java.io.FileInputStream.open(Unknown Source)
	at java.io.FileInputStream.<init>(Unknown Source)
	at com.publicfunction.publicFunction.ReadData(publicFunction.java:396)
	at com.DWP.多租户管理.资源配额管理.Kafka资源管理.script.Kafka.modifydata(Kafka.java:42)
	at sun.reflect.NativeMethodAccessorImpl.invoke0(Native Method)
	at sun.reflect.NativeMethodAccessorImpl.invoke(Unknown Source)
	at sun.reflect.DelegatingMethodAccessorImpl.invoke(Unknown Source)
	at java.lang.reflect.Method.invoke(Unknown Source)
	at org.testng.internal.MethodInvocationHelper.invokeMethod(MethodInvocationHelper.java:85)
	at org.testng.internal.MethodInvocationHelper.invokeDataProvider(MethodInvocationHelper.java:136)
	... 18 more
]]>
            </full-stacktrace>
          </exception> <!-- java.lang.RuntimeException -->
          <reporter-output>
          </reporter-output>
        </test-method> <!-- modify -->
        <test-method status="SKIP" signature="check(java.lang.String)[pri:1, instance:com.DWP.多租户管理.资源配额管理.Kafka资源管理.script.Kafka@5b7a5baa]" name="check" duration-ms="0" started-at="2018-07-23T15:28:26Z" description="场景2：查询" data-provider="checkdata" finished-at="2018-07-23T15:28:26Z">
          <exception class="java.lang.RuntimeException">
            <message>
              <![CDATA[java.io.FileNotFoundException: D:\software\intellij idea\IdeaProjects\DWP_Season3\src\com\DWP\多租户管理\资源配额管理\Kafka资源管理\data\check.xls (设备未就绪。)]]>
            </message>
            <full-stacktrace>
              <![CDATA[java.lang.RuntimeException: java.io.FileNotFoundException: D:\software\intellij idea\IdeaProjects\DWP_Season3\src\com\DWP\多租户管理\资源配额管理\Kafka资源管理\data\check.xls (设备未就绪。)
	at org.testng.internal.MethodInvocationHelper.invokeDataProvider(MethodInvocationHelper.java:162)
	at org.testng.internal.Parameters.handleParameters(Parameters.java:430)
	at org.testng.internal.Invoker.handleParameters(Invoker.java:1270)
	at org.testng.internal.Invoker.createParameters(Invoker.java:985)
	at org.testng.internal.Invoker.invokeTestMethods(Invoker.java:1075)
[...]
          </reporter-output>
        </test-method> <!-- startchromedriver -->
        <test-method status="PASS" signature="login()[pri:0, instance:com.DWP.基础环境管理.监控配置管理.script.TestMonitorConfig@3754a4bf]" name="login" is-config="true" duration-ms="5225" started-at="2018-07-23T15:25:59Z" finished-at="2018-07-23T15:26:04Z">
          <reporter-output>
          </reporter-output>
        </test-method> <!-- login -->
        <test-method status="SKIP" signature="testMonitorConfig(java.lang.String, java.lang.String, java.lang.String, java.lang.String, java.lang.String)[pri:0, instance:com.DWP.基础环境管理.监控配置管理.script.TestMonitorConfig@3754a4bf]" name="testMonitorConfig" duration-ms="0" started-at="2018-07-23T15:26:04Z" data-provider="reateData" finished-at="2018-07-23T15:26:04Z">
          <exception class="org.testng.TestNGException">
            <message>
              <![CDATA[
Method public void com.DWP.基础环境管理.监控配置管理.script.TestMonitorConfig.testMonitorConfig(java.lang.String,java.lang.String,java.lang.String,java.lang.String,java.lang.String) throws java.lang.Exception requires a @DataProvider named : reateData]]>
            </message>
            <full-stacktrace>
              <![CDATA[org.testng.TestNGException: 
Method public void com.DWP.基础环境管理.监控配置管理.script.TestMonitorConfig.testMonitorConfig(java.lang.String,java.lang.String,java.lang.String,java.lang.String,java.lang.String) throws java.lang.Exception requires a @DataProvider named : reateData
	at org.testng.internal.Parameters.findDataProvider(Parameters.java:263)
	at org.testng.internal.Parameters.handleParameters(Parameters.java:419)
	at org.testng.internal.Invoker.handleParameters(Invoker.java:1270)
	at org.testng.internal.Invoker.createParameters(Invoker.java:985)
	at org.testng.internal.Invoker.invokeTestMethods(Invoker.java:1075)
	at org.testng.internal.TestMethodWorker.invokeTestMethods(TestMethodWorker.java:125)
	at org.testng.internal.TestMethodWorker.run(TestMethodWorker.java:108)
	at org.testng.TestRunner.privateRun(TestRunner.java:774)
	at org.testng.TestRunner.run(TestRunner.java:624)
	at org.testng.SuiteRunner.runTest(SuiteRunner.java:359)
	at org.testng.SuiteRunner.runSequentially(SuiteRunner.java:354)
	at org.testng.SuiteRunner.privateRun(SuiteRunner.java:312)
	at org.testng.SuiteRunner.run(SuiteRunner.java:261)
	at org.testng.SuiteRunnerWorker.runSuite(SuiteRunnerWorker.java:52)
	at org.testng.SuiteRunnerWorker.run(SuiteRunnerWorker.java:86)
	at org.testng.TestNG.runSuitesSequentially(TestNG.java:1215)
	at org.testng.TestNG.runSuitesLocally(TestNG.java:1140)
	at org.testng.TestNG.run(TestNG.java:1048)
	at com.DWP.runalltest.AllTestRun.main(AllTestRun.java:40)
]]>
            </full-stacktrace>
          </exception> <!-- org.testng.TestNGException -->
          <reporter-output>
          </reporter-output>
        </test-method> <!-- testMonitorConfig -->
        <test-method status="PASS" signature="close()[pri:0, instance:com.DWP.基础环境管理.监控配置管理.script.TestMonitorConfig@3754a4bf]" name="close" is-config="true" duration-ms="2099" started-at="2018-07-23T15:26:04Z" finished-at="2018-07-23T15:26:06Z">
          <reporter-output>
          </reporter-output>
        </test-method> <!-- close -->
        <test-method status="PASS" signature="afterclass()[pri:0, instance:com.DWP.基础环境管理.监控配置管理.script.TestMonitorConfig@3754a4bf]" name="afterclass" is-config="true" duration-ms="1123" started-at="2018-07-23T15:26:06Z" finished-at="2018-07-23T15:26:08Z">
          <reporter-output>
          </reporter-output>
        </test-method> <!-- afterclass -->
      </class> <!-- com.DWP.基础环境管理.监控配置管理.script.TestMonitorConfig -->
      <class name="com.DWP.服务管理.script.Services">
        <test-method status="PASS" signature="startchromedriver()[pri:0, instance:com.DWP.服务管理.script.Services@36fc695d]" name="startchromedriver" is-config="true" duration-ms="4617" started-at="2018-07-23T15:24:36Z" finished-at="2018-07-23T15:24:40Z">
          <reporter-output>
          </reporter-output>
        </test-method> <!-- startchromedriver -->
        <test-method status="PASS" signature="login()[pri:0, instance:com.DWP.服务管理.script.Services@36fc695d]" name="login" is-config="true" duration-ms="4345" started-at="2018-07-23T15:24:40Z" finished-at="2018-07-23T15:24:45Z">
          <reporter-output>
          </reporter-output>
        </test-method> <!-- login -->
        <test-method status="PASS" signature="history()[pri:0, instance:com.DWP.服务管理.script.Services@36fc695d]" name="history" duration-ms="7905" started-at="2018-07-23T15:24:45Z" description="场景3：配置参数" finished-at="2018-07-23T15:24:53Z">
          <reporter-output>
          </reporter-output>
        </test-method> <!-- history -->
        <test-method status="PASS" signature="pic()[pri:0, instance:com.DWP.服务管理.script.Services@36fc695d]" name="pic" duration-ms="5290" started-at="2018-07-23T15:24:53Z" description="场景2：热点图" finished-at="2018-07-23T15:24:58Z">
          <reporter-output>
          </reporter-output>
        </test-method> <!-- pic -->
        <test-method status="PASS" signature="watched()[pri:0, instance:com.DWP.服务管理.script.Services@36fc695d]" name="watched" duration-ms="31009" started-at="2018-07-23T15:24:58Z" description="场景1：概要" finished-at="2018-07-23T15:25:29Z">
          <reporter-output>
          </reporter-output>
        </test-method> <!-- watched -->
        <test-method status="PASS" signature="afterclass()[pri:0, instance:com.DWP.服务管理.script.Services@36fc695d]" name="afterclass" is-config="true" duration-ms="1270" started-at="2018-07-23T15:25:29Z" finished-at="2018-07-23T15:25:30Z">
          <reporter-output>
          </reporter-output>
        </test-method> <!-- afterclass -->
      </class> <!-- com.DWP.服务管理.script.Services -->
      <class name="com.DWP.多租户管理.资源授权管理.HDFS资源授权管理.script.HdfsAuthorization">
        <test-method status="PASS" signature="startchromedriver()[pri:0, instance:com.DWP.多租户管理.资源授权管理.HDFS资源授权管理.script.HdfsAuthorization@1d296da]" name="startchromedriver" is-config="true" duration-ms="3526" started-at="2018-07-23T15:28:37Z" finished-at="2018-07-23T15:28:40Z">
          <reporter-output>
          </reporter-output>
        </test-method> <!-- startchromedriver -->
        <test-method status="PASS" signature="login()[pri:0, instance:com.DWP.多租户管理.资源授权管理.HDFS资源授权管理.script.HdfsAuthorization@1d296da]" name="login" is-config="true" duration-ms="4294" started-at="2018-07-23T15:28:40Z" finished-at="2018-07-23T15:28:45Z">
          <reporter-output>
          </reporter-output>
        </test-method> <!-- login -->
        <test-method status="SKIP" signature="add(java.lang.String, java.lang.String, java.lang.String, java.lang.String)[pri:0, instance:com.DWP.多租户管理.资源授权管理.HDFS资源授权管理.script.HdfsAuthorization@1d296da]" name="add" duration-ms="0" started-at="2018-07-23T15:28:45Z" description="场景1：新建策略" data-provider="adddata" finished-at="2018-07-23T15:28:45Z">
          <exception class="java.lang.RuntimeException">
            <message>
              <![CDATA[java.io.FileNotFoundException: D:\software\intellij idea\IdeaProjects\DWP_Season3\src\com\DWP\多租户管理\资源授权管理\HDFS资源授权管理\data\add.xls (设备未就绪。)]]>
            </message>
            <full-stacktrace>
              <![CDATA[java.lang.RuntimeException: java.io.FileNotFoundException: D:\software\intellij idea\IdeaProjects\DWP_Season3\src\com\DWP\多租户管理\资源授权管理\HDFS资源授权管理\data\add.xls (设备未就绪。)
	at org.testng.internal.MethodInvocationHelper.invokeDataProvider(MethodInvocationHelper.java:162)
	at org.testng.internal.Parameters.handleParameters(Parameters.java:430)
	at org.testng.internal.Invoker.handleParameters(Invoker.java:1270)
	at org.testng.internal.Invoker.createParameters(Invoker.java:985)
	at org.testng.internal.Invoker.invokeTestMethods(Invoker.java:1075)
	at org.testng.internal.TestMethodWorker.invokeTestMethods(TestMethodWorker.java:125)
	at org.testng.internal.TestMethodWorker.run(TestMethodWorker.java:108)
	at org.testng.TestRunner.privateRun(TestRunner.java:774)
	at org.testng.TestRunner.run(TestRunner.java:624)
	at org.testng.SuiteRunner.runTest(SuiteRunner.java:359)
	at org.testng.SuiteRunner.runSequentially(SuiteRunner.java:354)
	at org.testng.SuiteRunner.privateRun(SuiteRunner.java:312)
	at org.testng.SuiteRunner.run(SuiteRunner.java:261)
	at org.testng.SuiteRunnerWorker.runSuite(SuiteRunnerWorker.java:52)
	at org.testng.SuiteRunnerWorker.run(SuiteRunnerWorker.java:86)
	at org.testng.TestNG.runSuitesSequentially(TestNG.java:1215)
	at org.testng.TestNG.runSuitesLocally(TestNG.java:1140)
	at org.testng.TestNG.run(TestNG.java:1048)
	at com.DWP.runalltest.AllTestRun.main(AllTestRun.java:40)
Caused by: java.io.FileNotFoundException: D:\software\intellij idea\IdeaProjects\DWP_Season3\src\com\DWP\多租户管理\资源授权管理\HDFS资源授权管理\data\add.xls (设备未就绪。)
	at java.io.FileInputStream.open0(Native Method)
	at java.io.FileInputStream.open(Unknown Source)
	at java.io.FileInputStream.<init>(Unknown Source)
	at com.publicfunction.publicFunction.ReadData(publicFunction.java:396)
	at com.DWP.多租户管理.资源授权管理.HDFS资源授权管理.script.HdfsAuthorization.adddata(HdfsAuthorization.java:38)
	at sun.reflect.NativeMethodAccessorImpl.invoke0(Native Method)
	at sun.reflect.NativeMethodAccessorImpl.invoke(Unknown Source)
	at sun.reflect.DelegatingMethodAccessorImpl.invoke(Unknown Source)
	at java.lang.reflect.Method.invoke(Unknown Source)
	at org.testng.internal.MethodInvocationHelper.invokeMethod(MethodInvocationHelper.java:85)
	at org.testng.internal.MethodInvocationHelper.invokeDataProvider(MethodInvocationHelper.java:136)
	... 18 more
]]>
            </full-stacktrace>
          </exception> <!-- java.lang.RuntimeException -->
          <reporter-output>
          </reporter-output>
        </test-method> <!-- add -->
        <test-method status="PASS" signature="afterclass()[pri:0, instance:com.DWP.多租户管理.资源授权管理.HDFS资源授权管理.script.HdfsAuthorization@1d296da]" name="afterclass" is-config="true" duration-ms="1181" started-at="2018-07-23T15:28:45Z" finished-at="2018-07-23T15:28:46Z">
          <reporter-output>
          </reporter-output>
        </test-method> <!-- afterclass -->
        <test-method status="SKIP" signature="update(java.lang.String, java.lang.String)[pri:2, instance:com.DWP.多租户管理.资源授权管理.HDFS资源授权管理.script.HdfsAuthorization@1d296da]" name="update" duration-ms="0" started-at="2018-07-23T15:28:45Z" description="场景3：编辑策略" data-provider="updatedata" finished-at="2018-07-23T15:28:45Z">
          <exception class="java.lang.RuntimeException">
            <message>
              <![CDATA[java.io.FileNotFoundException: D:\software\intellij idea\IdeaProjects\DWP_Season3\src\com\DWP\多租户管理\资源授权管理\HDFS资源授权管理\data\update.xls (设备未就绪。)]]>
            </message>
            <full-stacktrace>
              <![CDATA[java.lang.RuntimeException: java.io.FileNotFoundException: D:\software\intellij idea\IdeaProjects\DWP_Season3\src\com\DWP\多租户管理\资源授权管理\HDFS资源授权管理\data\update.xls (设备未就绪。)
	at org.testng.internal.MethodInvocationHelper.invokeDataProvider(MethodInvocationHelper.java:162)
	at org.testng.internal.Parameters.handleParameters(Parameters.java:430)
	at org.testng.internal.Invoker.handleParameters(Invoker.java:1270)
	at org.testng.internal.Invoker.createParameters(Invoker.java:985)
	at org.testng.internal.Invoker.invokeTestMethods(Invoker.java:1075)
	at org.testng.internal.TestMethodWorker.invokeTestMethods(TestMethodWorker.java:125)
	at org.testng.internal.TestMethodWorker.run(TestMethodWorker.java:108)
	at org.testng.TestRunner.privateRun(TestRunner.java:774)
	at org.testng.TestRunner.run(TestRunner.java:624)
	at org.testng.SuiteRunner.runTest(SuiteRunner.java:359)
	at org.testng.SuiteRunner.runSequentially(SuiteRunner.java:354)
	at org.testng.SuiteRunner.privateRun(SuiteRunner.java:312)
	at org.testng.SuiteRunner.run(SuiteRunner.java:261)
	at org.testng.SuiteRunnerWorker.runSuite(SuiteRunnerWorker.java:52)
	at org.testng.SuiteRunnerWorker.run(SuiteRunnerWorker.java:86)
	at org.testng.TestNG.runSuitesSequentially(TestNG.java:1215)
	at org.testng.TestNG.runSuitesLocally(TestNG.java:1140)
	at org.testng.TestNG.run(TestNG.java:1048)
	at com.DWP.runalltest.AllTestRun.main(AllTestRun.java:40)
Caused by: java.io.FileNotFoundException: D:\software\intellij idea\IdeaProjects\DWP_Season3\src\com\DWP\多租户管理\资源授权管理\HDFS资源授权管理\data\update.xls (设备未就绪。)
	at java.io.FileInputStream.open0(Native Method)
	at java.io.FileInputStream.open(Unknown Source)
	at java.io.FileInputStream.<init>(Unknown Source)
	at com.publicfunction.publicFunction.ReadData(publicFunction.java:396)
	at com.DWP.多租户管理.资源授权管理.HDFS资源授权管理.script.HdfsAuthorization.updatedata(HdfsAuthorization.java:46)
	at sun.reflect.NativeMethodAccessorImpl.invoke0(Native Method)
	at sun.reflect.NativeMethodAccessorImpl.invoke(Unknown Source)
	at sun.reflect.DelegatingMethodAccessorImpl.invoke(Unknown Source)
	at java.lang.reflect.Method.invoke(Unknown Source)
	at org.testng.internal.MethodInvocationHelper.invokeMethod(MethodInvocationHelper.java:85)
	at org.testng.internal.MethodInvocationHelper.invokeDataProvider(MethodInvocationHelper.java:136)
	... 18 more
]]>
            </full-stacktrace>
          </exception> <!-- java.lang.RuntimeException -->
          <reporter-output>
          </reporter-output>
        </test-method> <!-- update -->
        <test-method status="SKIP" signature="del(java.lang.String)[pri:3, instance:com.DWP.多租户管理.资源授权管理.HDFS资源授权管理.script.HdfsAuthorization@1d296da]" name="del" duration-ms="0" started-at="2018-07-23T15:28:45Z" description="场景4：删除策略" data-provider="deldata" finished-at="2018-07-23T15:28:45Z">
          <exception class="java.lang.RuntimeException">
            <message>
              <![CDATA[java.io.FileNotFoundException: D:\software\intellij idea\IdeaProjects\DWP_Season3\src\com\DWP\多租户管理\资源授权管理\HDFS资源授权管理\data\del.xls (设备未就绪。)]]>
            </message>
            <full-stacktrace>
              <![CDATA[java.lang.RuntimeException: java.io.FileNotFoundException: D:\software\intellij idea\IdeaProjects\DWP_Season3\src\com\DWP\多租户管理\资源授权管理\HDFS资源授权管理\data\del.xls (设备未就绪。)
	at org.testng.internal.MethodInvocationHelper.invokeDataProvider(MethodInvocationHelper.java:162)
	at org.testng.internal.Parameters.handleParameters(Parameters.java:430)
	at org.testng.internal.Invoker.handleParameters(Invoker.java:1270)
	at org.testng.internal.Invoker.createParameters(Invoker.java:985)
	at org.testng.internal.Invoker.invokeTestMethods(Invoker.java:1075)
	at org.testng.internal.TestMethodWorker.invokeTestMethods(TestMethodWorker.java:125)
	at org.testng.internal.TestMethodWorker.run(TestMethodWorker.java:108)
	at org.testng.TestRunner.privateRun(TestRunner.java:774)
	at org.testng.TestRunner.run(TestRunner.java:624)
	at org.testng.SuiteRunner.runTest(SuiteRunner.java:359)
	at org.testng.SuiteRunner.runSequentially(SuiteRunner.java:354)
	at org.testng.SuiteRunner.privateRun(SuiteRunner.java:312)
	at org.testng.SuiteRunner.run(SuiteRunner.java:261)
	at org.testng.SuiteRunnerWorker.runSuite(SuiteRunnerWorker.java:52)
	at org.testng.SuiteRunnerWorker.run(SuiteRunnerWorker.java:86)
	at org.testng.TestNG.runSuitesSequentially(TestNG.java:1215)
	at org.testng.TestNG.runSuitesLocally(TestNG.java:1140)
	at org.testng.TestNG.run(TestNG.java:1048)
	at com.DWP.runalltest.AllTestRun.main(AllTestRun.java:40)
Caused by: java.io.FileNotFoundException: D:\software\intellij idea\IdeaProjects\DWP_Season3\src\com\DWP\多租户管理\资源授权管理\HDFS资源授权管理\data\del.xls (设备未就绪。)
	at java.io.FileInputStream.open0(Native Method)
	at java.io.FileInputStream.open(Unknown Source)
	at java.io.FileInputStream.<init>(Unknown Source)
	at com.publicfunction.publicFunction.ReadData(publicFunction.java:396)
	at com.DWP.多租户管理.资源授权管理.HDFS资源授权管理.script.HdfsAuthorization.deldata(HdfsAuthorization.java:50)
	at sun.reflect.NativeMethodAccessorImpl.invoke0(Native Method)
	at sun.reflect.NativeMethodAccessorImpl.invoke(Unknown Source)
	at sun.reflect.DelegatingMethodAccessorImpl.invoke(Unknown Source)
	at java.lang.reflect.Method.invoke(Unknown Source)
	at org.testng.internal.MethodInvocationHelper.invokeMethod(MethodInvocationHelper.java:85)
	at org.testng.internal.MethodInvocationHelper.invokeDataProvider(MethodInvocationHelper.java:136)
	... 18 more
]]>
            </full-stacktrace>
          </exception> <!-- java.lang.RuntimeException -->
          <reporter-output>
          </reporter-output>
        </test-method> <!-- del -->
        <test-method status="SKIP" signature="check(java.lang.String)[pri:1, instance:com.DWP.多租户管理.资源授权管理.HDFS资源授权管理.script.HdfsAuthorization@1d296da]" name="check" duration-ms="0" started-at="2018-07-23T15:28:45Z" description="场景2：查询策略" data-provider="checkdata" finished-at="2018-07-23T15:28:45Z">
          <exception class="java.lang.RuntimeException">
            <message>
              <![CDATA[java.io.FileNotFoundException: D:\software\intellij idea\IdeaProjects\DWP_Season3\src\com\DWP\多租户管理\资源授权管理\HDFS资源授权管理\data\check.xls (设备未就绪。)]]>
            </message>
            <full-stacktrace>
              <![CDATA[java.lang.RuntimeException: java.io.FileNotFoundException: D:\software\intellij idea\IdeaProjects\DWP_Season3\src\com\DWP\多租户管理\资源授权管理\HDFS资源授权管理\data\check.xls (设备未就绪。)
	at org.testng.internal.MethodInvocationHelper.invokeDataProvider(MethodInvocationHelper.java:162)
	at org.testng.internal.Parameters.handleParameters(Parameters.java:430)
	at org.testng.internal.Invoker.handleParameters(Invoker.java:1270)
	at org.testng.internal.Invoker.createParameters(Invoker.java:985)
	at org.testng.internal.Invoker.invokeTestMethods(Invoker.java:1075)
	at org.testng.internal.TestMethodWorker.invokeTestMethods(TestMethodWorker.java:125)
	at org.testng.internal.TestMethodWorker.run(TestMethodWorker.java:108)
	at org.testng.TestRunner.privateRun(TestRunner.java:774)
	at org.testng.TestRunner.run(TestRunner.java:624)
	at org.testng.SuiteRunner.runTest(SuiteRunner.java:359)
	at org.testng.SuiteRunner.runSequentially(SuiteRunner.java:354)
	at org.testng.SuiteRunner.privateRun(SuiteRunner.java:312)
	at org.testng.SuiteRunner.run(SuiteRunner.java:261)
	at org.testng.SuiteRunnerWorker.runSuite(SuiteRunnerWorker.java:52)
	at org.testng.SuiteRunnerWorker.run(SuiteRunnerWorker.java:86)
	at org.testng.TestNG.runSuitesSequentially(TestNG.java:1215)
	at org.testng.TestNG.runSuitesLocally(TestNG.java:1140)
	at org.testng.TestNG.run(TestNG.java:1048)
	at com.DWP.runalltest.AllTestRun.main(AllTestRun.java:40)
Caused by: java.io.FileNotFoundException: D:\software\intellij idea\IdeaProjects\DWP_Season3\src\com\DWP\多租户管理\资源授权管理\HDFS资源授权管理\data\check.xls (设备未就绪。)
	at java.io.FileInputStream.open0(Native Method)
	at java.io.FileInputStream.open(Unknown Source)
	at java.io.FileInputStream.<init>(Unknown Source)
	at com.publicfunction.publicFunction.ReadData(publicFunction.java:396)
	at com.DWP.多租户管理.资源授权管理.HDFS资源授权管理.script.HdfsAuthorization.checkdata(HdfsAuthorization.java:42)
	at sun.reflect.NativeMethodAccessorImpl.invoke0(Native Method)
	at sun.reflect.NativeMethodAccessorImpl.invoke(Unknown Source)
	at sun.reflect.DelegatingMethodAccessorImpl.invoke(Unknown Source)
	at java.lang.reflect.Method.invoke(Unknown Source)
	at org.testng.internal.MethodInvocationHelper.invokeMethod(MethodInvocationHelper.java:85)
	at org.testng.internal.MethodInvocationHelper.invokeDataProvider(MethodInvocationHelper.java:136)
	... 18 more
]]>
            </full-stacktrace>
          </exception> <!-- java.lang.RuntimeException -->
          <reporter-output>
          </reporter-output>
        </test-method> <!-- check -->
      </class> <!-- com.DWP.多租户管理.资源授权管理.HDFS资源授权管理.script.HdfsAuthorization -->
    </test> <!-- chrome -->
  </suite> <!-- 仓库平台 -->
</testng-results>
